2016-10-12 10:47:06 1292 [Note] Plugin 'FEDERATED' is disabled.
2016-10-12 10:47:06 1292 [Note] InnoDB: Using atomics to ref count buffer pool pages
2016-10-12 10:47:06 1292 [Note] InnoDB: The InnoDB memory heap is disabled
2016-10-12 10:47:06 1292 [Note] InnoDB: Mutexes and rw_locks use Windows interlocked functions
2016-10-12 10:47:06 1292 [Note] InnoDB: Compressed tables use zlib 1.2.3
2016-10-12 10:47:06 1292 [Note] InnoDB: Not using CPU crc32 instructions
2016-10-12 10:47:06 1292 [Note] InnoDB: Initializing buffer pool, size = 128.0M
2016-10-12 10:47:06 1292 [Note] InnoDB: Completed initialization of buffer pool
2016-10-12 10:47:06 1292 [Note] InnoDB: Highest supported file format is Barracuda.
2016-10-12 10:47:06 1292 [Note] InnoDB: 128 rollback segment(s) are active.
2016-10-12 10:47:06 1292 [Note] InnoDB: Waiting for purge to start
2016-10-12 10:47:06 1292 [Note] InnoDB: 5.6.17 started; log sequence number 1625977
2016-10-12 10:47:06 1292 [Warning] No existing UUID has been found, so we assume that this is the first time that this server has been started. Generating a new UUID: 29fa8b14-9026-11e6-bed4-00ff13165130.
2016-10-12 10:47:06 1292 [Note] Server hostname (bind-address): '*'; port: 3306
2016-10-12 10:47:06 1292 [Note] IPv6 is available.
2016-10-12 10:47:06 1292 [Note]   - '::' resolves to '::';
2016-10-12 10:47:06 1292 [Note] Server socket created on IP: '::'.
2016-10-12 10:47:06 1292 [ERROR] Can't start server: Bind on TCP/IP port: No such file or directory
2016-10-12 10:47:06 1292 [ERROR] Do you already have another mysqld server running on port: 3306 ?
2016-10-12 10:47:06 1292 [ERROR] Aborting

2016-10-12 10:47:06 1292 [Note] Binlog end
2016-10-12 10:47:06 1292 [Note] Shutting down plugin 'partition'
2016-10-12 10:47:06 1292 [Note] Shutting down plugin 'PERFORMANCE_SCHEMA'
2016-10-12 10:47:06 1292 [Note] Shutting down plugin 'INNODB_SYS_DATAFILES'
2016-10-12 10:47:06 1292 [Note] Shutting down plugin 'INNODB_SYS_TABLESPACES'
2016-10-12 10:47:06 1292 [Note] Shutting down plugin 'INNODB_SYS_FOREIGN_COLS'
2016-10-12 10:47:06 1292 [Note] Shutting down plugin 'INNODB_SYS_FOREIGN'
2016-10-12 10:47:06 1292 [Note] Shutting down plugin 'INNODB_SYS_FIELDS'
2016-10-12 10:47:06 1292 [Note] Shutting down plugin 'INNODB_SYS_COLUMNS'
2016-10-12 10:47:06 1292 [Note] Shutting down plugin 'INNODB_SYS_INDEXES'
2016-10-12 10:47:06 1292 [Note] Shutting down plugin 'INNODB_SYS_TABLESTATS'
2016-10-12 10:47:06 1292 [Note] Shutting down plugin 'INNODB_SYS_TABLES'
2016-10-12 10:47:06 1292 [Note] Shutting down plugin 'INNODB_FT_INDEX_TABLE'
2016-10-12 10:47:06 1292 [Note] Shutting down plugin 'INNODB_FT_INDEX_CACHE'
2016-10-12 10:47:06 1292 [Note] Shutting down plugin 'INNODB_FT_CONFIG'
2016-10-12 10:47:06 1292 [Note] Shutting down plugin 'INNODB_FT_BEING_DELETED'
2016-10-12 10:47:06 1292 [Note] Shutting down plugin 'INNODB_FT_DELETED'
2016-10-12 10:47:06 1292 [Note] Shutting down plugin 'INNODB_FT_DEFAULT_STOPWORD'
2016-10-12 10:47:06 1292 [Note] Shutting down plugin 'INNODB_METRICS'
2016-10-12 10:47:06 1292 [Note] Shutting down plugin 'INNODB_BUFFER_POOL_STATS'
2016-10-12 10:47:06 1292 [Note] Shutting down plugin 'INNODB_BUFFER_PAGE_LRU'
2016-10-12 10:47:06 1292 [Note] Shutting down plugin 'INNODB_BUFFER_PAGE'
2016-10-12 10:47:06 1292 [Note] Shutting down plugin 'INNODB_CMP_PER_INDEX_RESET'
2016-10-12 10:47:06 1292 [Note] Shutting down plugin 'INNODB_CMP_PER_INDEX'
2016-10-12 10:47:06 1292 [Note] Shutting down plugin 'INNODB_CMPMEM_RESET'
2016-10-12 10:47:06 1292 [Note] Shutting down plugin 'INNODB_CMPMEM'
2016-10-12 10:47:06 1292 [Note] Shutting down plugin 'INNODB_CMP_RESET'
2016-10-12 10:47:06 1292 [Note] Shutting down plugin 'INNODB_CMP'
2016-10-12 10:47:06 1292 [Note] Shutting down plugin 'INNODB_LOCK_WAITS'
2016-10-12 10:47:06 1292 [Note] Shutting down plugin 'INNODB_LOCKS'
2016-10-12 10:47:06 1292 [Note] Shutting down plugin 'INNODB_TRX'
2016-10-12 10:47:06 1292 [Note] Shutting down plugin 'InnoDB'
2016-10-12 10:47:06 1292 [Note] InnoDB: FTS optimize thread exiting.
2016-10-12 10:47:06 1292 [Note] InnoDB: Starting shutdown...
2016-10-12 10:47:08 1292 [Note] InnoDB: Shutdown completed; log sequence number 1625987
2016-10-12 10:47:08 1292 [Note] Shutting down plugin 'BLACKHOLE'
2016-10-12 10:47:08 1292 [Note] Shutting down plugin 'ARCHIVE'
2016-10-12 10:47:08 1292 [Note] Shutting down plugin 'MRG_MYISAM'
2016-10-12 10:47:08 1292 [Note] Shutting down plugin 'MyISAM'
2016-10-12 10:47:08 1292 [Note] Shutting down plugin 'MEMORY'
2016-10-12 10:47:08 1292 [Note] Shutting down plugin 'CSV'
2016-10-12 10:47:08 1292 [Note] Shutting down plugin 'sha256_password'
2016-10-12 10:47:08 1292 [Note] Shutting down plugin 'mysql_old_password'
2016-10-12 10:47:08 1292 [Note] Shutting down plugin 'mysql_native_password'
2016-10-12 10:47:08 1292 [Note] Shutting down plugin 'binlog'
2016-10-12 10:47:08 1292 [Note] wampmysqld: Arrêt du serveur terminé

2016-10-12 10:47:18 7476 [Note] Plugin 'FEDERATED' is disabled.
2016-10-12 10:47:18 7476 [Note] InnoDB: Using atomics to ref count buffer pool pages
2016-10-12 10:47:18 7476 [Note] InnoDB: The InnoDB memory heap is disabled
2016-10-12 10:47:18 7476 [Note] InnoDB: Mutexes and rw_locks use Windows interlocked functions
2016-10-12 10:47:18 7476 [Note] InnoDB: Compressed tables use zlib 1.2.3
2016-10-12 10:47:18 7476 [Note] InnoDB: Not using CPU crc32 instructions
2016-10-12 10:47:18 7476 [Note] InnoDB: Initializing buffer pool, size = 128.0M
2016-10-12 10:47:18 7476 [Note] InnoDB: Completed initialization of buffer pool
2016-10-12 10:47:18 7476 [Note] InnoDB: Highest supported file format is Barracuda.
2016-10-12 10:47:18 7476 [Note] InnoDB: 128 rollback segment(s) are active.
2016-10-12 10:47:18 7476 [Note] InnoDB: Waiting for purge to start
2016-10-12 10:47:18 7476 [Note] InnoDB: 5.6.17 started; log sequence number 1625987
2016-10-12 10:47:18 7476 [Note] Server hostname (bind-address): '*'; port: 3306
2016-10-12 10:47:18 7476 [Note] IPv6 is available.
2016-10-12 10:47:18 7476 [Note]   - '::' resolves to '::';
2016-10-12 10:47:18 7476 [Note] Server socket created on IP: '::'.
2016-10-12 10:47:18 7476 [ERROR] Can't start server: Bind on TCP/IP port: No such file or directory
2016-10-12 10:47:18 7476 [ERROR] Do you already have another mysqld server running on port: 3306 ?
2016-10-12 10:47:18 7476 [ERROR] Aborting

2016-10-12 10:47:18 7476 [Note] Binlog end
2016-10-12 10:47:18 7476 [Note] Shutting down plugin 'partition'
2016-10-12 10:47:18 7476 [Note] Shutting down plugin 'PERFORMANCE_SCHEMA'
2016-10-12 10:47:18 7476 [Note] Shutting down plugin 'INNODB_SYS_DATAFILES'
2016-10-12 10:47:18 7476 [Note] Shutting down plugin 'INNODB_SYS_TABLESPACES'
2016-10-12 10:47:18 7476 [Note] Shutting down plugin 'INNODB_SYS_FOREIGN_COLS'
2016-10-12 10:47:18 7476 [Note] Shutting down plugin 'INNODB_SYS_FOREIGN'
2016-10-12 10:47:18 7476 [Note] Shutting down plugin 'INNODB_SYS_FIELDS'
2016-10-12 10:47:18 7476 [Note] Shutting down plugin 'INNODB_SYS_COLUMNS'
2016-10-12 10:47:18 7476 [Note] Shutting down plugin 'INNODB_SYS_INDEXES'
2016-10-12 10:47:18 7476 [Note] Shutting down plugin 'INNODB_SYS_TABLESTATS'
2016-10-12 10:47:18 7476 [Note] Shutting down plugin 'INNODB_SYS_TABLES'
2016-10-12 10:47:18 7476 [Note] Shutting down plugin 'INNODB_FT_INDEX_TABLE'
2016-10-12 10:47:18 7476 [Note] Shutting down plugin 'INNODB_FT_INDEX_CACHE'
2016-10-12 10:47:18 7476 [Note] Shutting down plugin 'INNODB_FT_CONFIG'
2016-10-12 10:47:18 7476 [Note] Shutting down plugin 'INNODB_FT_BEING_DELETED'
2016-10-12 10:47:18 7476 [Note] Shutting down plugin 'INNODB_FT_DELETED'
2016-10-12 10:47:18 7476 [Note] Shutting down plugin 'INNODB_FT_DEFAULT_STOPWORD'
2016-10-12 10:47:18 7476 [Note] Shutting down plugin 'INNODB_METRICS'
2016-10-12 10:47:18 7476 [Note] Shutting down plugin 'INNODB_BUFFER_POOL_STATS'
2016-10-12 10:47:18 7476 [Note] Shutting down plugin 'INNODB_BUFFER_PAGE_LRU'
2016-10-12 10:47:18 7476 [Note] Shutting down plugin 'INNODB_BUFFER_PAGE'
2016-10-12 10:47:18 7476 [Note] Shutting down plugin 'INNODB_CMP_PER_INDEX_RESET'
2016-10-12 10:47:18 7476 [Note] Shutting down plugin 'INNODB_CMP_PER_INDEX'
2016-10-12 10:47:18 7476 [Note] Shutting down plugin 'INNODB_CMPMEM_RESET'
2016-10-12 10:47:18 7476 [Note] Shutting down plugin 'INNODB_CMPMEM'
2016-10-12 10:47:18 7476 [Note] Shutting down plugin 'INNODB_CMP_RESET'
2016-10-12 10:47:18 7476 [Note] Shutting down plugin 'INNODB_CMP'
2016-10-12 10:47:18 7476 [Note] Shutting down plugin 'INNODB_LOCK_WAITS'
2016-10-12 10:47:18 7476 [Note] Shutting down plugin 'INNODB_LOCKS'
2016-10-12 10:47:18 7476 [Note] Shutting down plugin 'INNODB_TRX'
2016-10-12 10:47:18 7476 [Note] Shutting down plugin 'InnoDB'
2016-10-12 10:47:18 7476 [Note] InnoDB: FTS optimize thread exiting.
2016-10-12 10:47:18 7476 [Note] InnoDB: Starting shutdown...
2016-10-12 10:47:19 7476 [Note] InnoDB: Shutdown completed; log sequence number 1625997
2016-10-12 10:47:19 7476 [Note] Shutting down plugin 'BLACKHOLE'
2016-10-12 10:47:19 7476 [Note] Shutting down plugin 'ARCHIVE'
2016-10-12 10:47:19 7476 [Note] Shutting down plugin 'MRG_MYISAM'
2016-10-12 10:47:19 7476 [Note] Shutting down plugin 'MyISAM'
2016-10-12 10:47:19 7476 [Note] Shutting down plugin 'MEMORY'
2016-10-12 10:47:19 7476 [Note] Shutting down plugin 'CSV'
2016-10-12 10:47:19 7476 [Note] Shutting down plugin 'sha256_password'
2016-10-12 10:47:19 7476 [Note] Shutting down plugin 'mysql_old_password'
2016-10-12 10:47:19 7476 [Note] Shutting down plugin 'mysql_native_password'
2016-10-12 10:47:19 7476 [Note] Shutting down plugin 'binlog'
2016-10-12 10:47:19 7476 [Note] wampmysqld: Arrêt du serveur terminé

2016-10-12 10:50:29 6172 [Note] Plugin 'FEDERATED' is disabled.
2016-10-12 10:50:29 6172 [Note] InnoDB: Using atomics to ref count buffer pool pages
2016-10-12 10:50:29 6172 [Note] InnoDB: The InnoDB memory heap is disabled
2016-10-12 10:50:29 6172 [Note] InnoDB: Mutexes and rw_locks use Windows interlocked functions
2016-10-12 10:50:29 6172 [Note] InnoDB: Compressed tables use zlib 1.2.3
2016-10-12 10:50:29 6172 [Note] InnoDB: Not using CPU crc32 instructions
2016-10-12 10:50:29 6172 [Note] InnoDB: Initializing buffer pool, size = 128.0M
2016-10-12 10:50:29 6172 [Note] InnoDB: Completed initialization of buffer pool
2016-10-12 10:50:29 6172 [Note] InnoDB: Highest supported file format is Barracuda.
2016-10-12 10:50:29 6172 [Note] InnoDB: 128 rollback segment(s) are active.
2016-10-12 10:50:29 6172 [Note] InnoDB: Waiting for purge to start
2016-10-12 10:50:29 6172 [Note] InnoDB: 5.6.17 started; log sequence number 1625997
2016-10-12 10:50:29 6172 [Note] Server hostname (bind-address): '*'; port: 3306
2016-10-12 10:50:29 6172 [Note] IPv6 is available.
2016-10-12 10:50:29 6172 [Note]   - '::' resolves to '::';
2016-10-12 10:50:29 6172 [Note] Server socket created on IP: '::'.
2016-10-12 10:50:29 6172 [ERROR] Can't start server: Bind on TCP/IP port: No such file or directory
2016-10-12 10:50:29 6172 [ERROR] Do you already have another mysqld server running on port: 3306 ?
2016-10-12 10:50:29 6172 [ERROR] Aborting

2016-10-12 10:50:29 6172 [Note] Binlog end
2016-10-12 10:50:29 6172 [Note] Shutting down plugin 'partition'
2016-10-12 10:50:29 6172 [Note] Shutting down plugin 'PERFORMANCE_SCHEMA'
2016-10-12 10:50:29 6172 [Note] Shutting down plugin 'INNODB_SYS_DATAFILES'
2016-10-12 10:50:29 6172 [Note] Shutting down plugin 'INNODB_SYS_TABLESPACES'
2016-10-12 10:50:29 6172 [Note] Shutting down plugin 'INNODB_SYS_FOREIGN_COLS'
2016-10-12 10:50:29 6172 [Note] Shutting down plugin 'INNODB_SYS_FOREIGN'
2016-10-12 10:50:29 6172 [Note] Shutting down plugin 'INNODB_SYS_FIELDS'
2016-10-12 10:50:29 6172 [Note] Shutting down plugin 'INNODB_SYS_COLUMNS'
2016-10-12 10:50:29 6172 [Note] Shutting down plugin 'INNODB_SYS_INDEXES'
2016-10-12 10:50:29 6172 [Note] Shutting down plugin 'INNODB_SYS_TABLESTATS'
2016-10-12 10:50:29 6172 [Note] Shutting down plugin 'INNODB_SYS_TABLES'
2016-10-12 10:50:29 6172 [Note] Shutting down plugin 'INNODB_FT_INDEX_TABLE'
2016-10-12 10:50:29 6172 [Note] Shutting down plugin 'INNODB_FT_INDEX_CACHE'
2016-10-12 10:50:29 6172 [Note] Shutting down plugin 'INNODB_FT_CONFIG'
2016-10-12 10:50:29 6172 [Note] Shutting down plugin 'INNODB_FT_BEING_DELETED'
2016-10-12 10:50:29 6172 [Note] Shutting down plugin 'INNODB_FT_DELETED'
2016-10-12 10:50:29 6172 [Note] Shutting down plugin 'INNODB_FT_DEFAULT_STOPWORD'
2016-10-12 10:50:29 6172 [Note] Shutting down plugin 'INNODB_METRICS'
2016-10-12 10:50:29 6172 [Note] Shutting down plugin 'INNODB_BUFFER_POOL_STATS'
2016-10-12 10:50:29 6172 [Note] Shutting down plugin 'INNODB_BUFFER_PAGE_LRU'
2016-10-12 10:50:29 6172 [Note] Shutting down plugin 'INNODB_BUFFER_PAGE'
2016-10-12 10:50:29 6172 [Note] Shutting down plugin 'INNODB_CMP_PER_INDEX_RESET'
2016-10-12 10:50:29 6172 [Note] Shutting down plugin 'INNODB_CMP_PER_INDEX'
2016-10-12 10:50:29 6172 [Note] Shutting down plugin 'INNODB_CMPMEM_RESET'
2016-10-12 10:50:29 6172 [Note] Shutting down plugin 'INNODB_CMPMEM'
2016-10-12 10:50:29 6172 [Note] Shutting down plugin 'INNODB_CMP_RESET'
2016-10-12 10:50:29 6172 [Note] Shutting down plugin 'INNODB_CMP'
2016-10-12 10:50:29 6172 [Note] Shutting down plugin 'INNODB_LOCK_WAITS'
2016-10-12 10:50:29 6172 [Note] Shutting down plugin 'INNODB_LOCKS'
2016-10-12 10:50:29 6172 [Note] Shutting down plugin 'INNODB_TRX'
2016-10-12 10:50:29 6172 [Note] Shutting down plugin 'InnoDB'
2016-10-12 10:50:29 6172 [Note] InnoDB: FTS optimize thread exiting.
2016-10-12 10:50:29 6172 [Note] InnoDB: Starting shutdown...
2016-10-12 10:50:31 6172 [Note] InnoDB: Shutdown completed; log sequence number 1626007
2016-10-12 10:50:31 6172 [Note] Shutting down plugin 'BLACKHOLE'
2016-10-12 10:50:31 6172 [Note] Shutting down plugin 'ARCHIVE'
2016-10-12 10:50:31 6172 [Note] Shutting down plugin 'MRG_MYISAM'
2016-10-12 10:50:31 6172 [Note] Shutting down plugin 'MyISAM'
2016-10-12 10:50:31 6172 [Note] Shutting down plugin 'MEMORY'
2016-10-12 10:50:31 6172 [Note] Shutting down plugin 'CSV'
2016-10-12 10:50:31 6172 [Note] Shutting down plugin 'sha256_password'
2016-10-12 10:50:31 6172 [Note] Shutting down plugin 'mysql_old_password'
2016-10-12 10:50:31 6172 [Note] Shutting down plugin 'mysql_native_password'
2016-10-12 10:50:31 6172 [Note] Shutting down plugin 'binlog'
2016-10-12 10:50:31 6172 [Note] wampmysqld: Arrêt du serveur terminé

2016-10-12 10:52:14 5484 [Note] Plugin 'FEDERATED' is disabled.
2016-10-12 10:52:14 5484 [Note] InnoDB: Using atomics to ref count buffer pool pages
2016-10-12 10:52:14 5484 [Note] InnoDB: The InnoDB memory heap is disabled
2016-10-12 10:52:14 5484 [Note] InnoDB: Mutexes and rw_locks use Windows interlocked functions
2016-10-12 10:52:14 5484 [Note] InnoDB: Compressed tables use zlib 1.2.3
2016-10-12 10:52:14 5484 [Note] InnoDB: Not using CPU crc32 instructions
2016-10-12 10:52:14 5484 [Note] InnoDB: Initializing buffer pool, size = 128.0M
2016-10-12 10:52:14 5484 [Note] InnoDB: Completed initialization of buffer pool
2016-10-12 10:52:14 5484 [Note] InnoDB: Highest supported file format is Barracuda.
2016-10-12 10:52:14 5484 [Note] InnoDB: 128 rollback segment(s) are active.
2016-10-12 10:52:14 5484 [Note] InnoDB: Waiting for purge to start
2016-10-12 10:52:14 5484 [Note] InnoDB: 5.6.17 started; log sequence number 1626007
2016-10-12 10:52:14 5484 [Note] Server hostname (bind-address): '*'; port: 3306
2016-10-12 10:52:14 5484 [Note] IPv6 is available.
2016-10-12 10:52:14 5484 [Note]   - '::' resolves to '::';
2016-10-12 10:52:14 5484 [Note] Server socket created on IP: '::'.
2016-10-12 10:52:14 5484 [ERROR] Can't start server: Bind on TCP/IP port: No such file or directory
2016-10-12 10:52:14 5484 [ERROR] Do you already have another mysqld server running on port: 3306 ?
2016-10-12 10:52:14 5484 [ERROR] Aborting

2016-10-12 10:52:14 5484 [Note] Binlog end
2016-10-12 10:52:14 5484 [Note] Shutting down plugin 'partition'
2016-10-12 10:52:14 5484 [Note] Shutting down plugin 'PERFORMANCE_SCHEMA'
2016-10-12 10:52:14 5484 [Note] Shutting down plugin 'INNODB_SYS_DATAFILES'
2016-10-12 10:52:14 5484 [Note] Shutting down plugin 'INNODB_SYS_TABLESPACES'
2016-10-12 10:52:14 5484 [Note] Shutting down plugin 'INNODB_SYS_FOREIGN_COLS'
2016-10-12 10:52:14 5484 [Note] Shutting down plugin 'INNODB_SYS_FOREIGN'
2016-10-12 10:52:14 5484 [Note] Shutting down plugin 'INNODB_SYS_FIELDS'
2016-10-12 10:52:14 5484 [Note] Shutting down plugin 'INNODB_SYS_COLUMNS'
2016-10-12 10:52:14 5484 [Note] Shutting down plugin 'INNODB_SYS_INDEXES'
2016-10-12 10:52:14 5484 [Note] Shutting down plugin 'INNODB_SYS_TABLESTATS'
2016-10-12 10:52:14 5484 [Note] Shutting down plugin 'INNODB_SYS_TABLES'
2016-10-12 10:52:14 5484 [Note] Shutting down plugin 'INNODB_FT_INDEX_TABLE'
2016-10-12 10:52:14 5484 [Note] Shutting down plugin 'INNODB_FT_INDEX_CACHE'
2016-10-12 10:52:14 5484 [Note] Shutting down plugin 'INNODB_FT_CONFIG'
2016-10-12 10:52:14 5484 [Note] Shutting down plugin 'INNODB_FT_BEING_DELETED'
2016-10-12 10:52:14 5484 [Note] Shutting down plugin 'INNODB_FT_DELETED'
2016-10-12 10:52:14 5484 [Note] Shutting down plugin 'INNODB_FT_DEFAULT_STOPWORD'
2016-10-12 10:52:14 5484 [Note] Shutting down plugin 'INNODB_METRICS'
2016-10-12 10:52:14 5484 [Note] Shutting down plugin 'INNODB_BUFFER_POOL_STATS'
2016-10-12 10:52:14 5484 [Note] Shutting down plugin 'INNODB_BUFFER_PAGE_LRU'
2016-10-12 10:52:14 5484 [Note] Shutting down plugin 'INNODB_BUFFER_PAGE'
2016-10-12 10:52:14 5484 [Note] Shutting down plugin 'INNODB_CMP_PER_INDEX_RESET'
2016-10-12 10:52:14 5484 [Note] Shutting down plugin 'INNODB_CMP_PER_INDEX'
2016-10-12 10:52:14 5484 [Note] Shutting down plugin 'INNODB_CMPMEM_RESET'
2016-10-12 10:52:14 5484 [Note] Shutting down plugin 'INNODB_CMPMEM'
2016-10-12 10:52:14 5484 [Note] Shutting down plugin 'INNODB_CMP_RESET'
2016-10-12 10:52:14 5484 [Note] Shutting down plugin 'INNODB_CMP'
2016-10-12 10:52:14 5484 [Note] Shutting down plugin 'INNODB_LOCK_WAITS'
2016-10-12 10:52:14 5484 [Note] Shutting down plugin 'INNODB_LOCKS'
2016-10-12 10:52:14 5484 [Note] Shutting down plugin 'INNODB_TRX'
2016-10-12 10:52:14 5484 [Note] Shutting down plugin 'InnoDB'
2016-10-12 10:52:14 5484 [Note] InnoDB: FTS optimize thread exiting.
2016-10-12 10:52:14 5484 [Note] InnoDB: Starting shutdown...
2016-10-12 10:52:16 5484 [Note] InnoDB: Shutdown completed; log sequence number 1626017
2016-10-12 10:52:16 5484 [Note] Shutting down plugin 'BLACKHOLE'
2016-10-12 10:52:16 5484 [Note] Shutting down plugin 'ARCHIVE'
2016-10-12 10:52:16 5484 [Note] Shutting down plugin 'MRG_MYISAM'
2016-10-12 10:52:16 5484 [Note] Shutting down plugin 'MyISAM'
2016-10-12 10:52:16 5484 [Note] Shutting down plugin 'MEMORY'
2016-10-12 10:52:16 5484 [Note] Shutting down plugin 'CSV'
2016-10-12 10:52:16 5484 [Note] Shutting down plugin 'sha256_password'
2016-10-12 10:52:16 5484 [Note] Shutting down plugin 'mysql_old_password'
2016-10-12 10:52:16 5484 [Note] Shutting down plugin 'mysql_native_password'
2016-10-12 10:52:16 5484 [Note] Shutting down plugin 'binlog'
2016-10-12 10:52:16 5484 [Note] wampmysqld: Arrêt du serveur terminé

2016-10-12 10:55:57 7844 [Note] Plugin 'FEDERATED' is disabled.
2016-10-12 10:55:57 7844 [Note] InnoDB: Using atomics to ref count buffer pool pages
2016-10-12 10:55:57 7844 [Note] InnoDB: The InnoDB memory heap is disabled
2016-10-12 10:55:57 7844 [Note] InnoDB: Mutexes and rw_locks use Windows interlocked functions
2016-10-12 10:55:57 7844 [Note] InnoDB: Compressed tables use zlib 1.2.3
2016-10-12 10:55:57 7844 [Note] InnoDB: Not using CPU crc32 instructions
2016-10-12 10:55:57 7844 [Note] InnoDB: Initializing buffer pool, size = 128.0M
2016-10-12 10:55:57 7844 [Note] InnoDB: Completed initialization of buffer pool
2016-10-12 10:55:57 7844 [Note] InnoDB: Highest supported file format is Barracuda.
2016-10-12 10:55:57 7844 [Note] InnoDB: 128 rollback segment(s) are active.
2016-10-12 10:55:57 7844 [Note] InnoDB: Waiting for purge to start
2016-10-12 10:55:57 7844 [Note] InnoDB: 5.6.17 started; log sequence number 1626017
2016-10-12 10:55:57 7844 [Note] Server hostname (bind-address): '*'; port: 3306
2016-10-12 10:55:57 7844 [Note] IPv6 is available.
2016-10-12 10:55:57 7844 [Note]   - '::' resolves to '::';
2016-10-12 10:55:57 7844 [Note] Server socket created on IP: '::'.
2016-10-12 10:55:57 7844 [ERROR] Can't start server: Bind on TCP/IP port: No such file or directory
2016-10-12 10:55:57 7844 [ERROR] Do you already have another mysqld server running on port: 3306 ?
2016-10-12 10:55:57 7844 [ERROR] Aborting

2016-10-12 10:55:57 7844 [Note] Binlog end
2016-10-12 10:55:57 7844 [Note] Shutting down plugin 'partition'
2016-10-12 10:55:57 7844 [Note] Shutting down plugin 'PERFORMANCE_SCHEMA'
2016-10-12 10:55:57 7844 [Note] Shutting down plugin 'INNODB_SYS_DATAFILES'
2016-10-12 10:55:57 7844 [Note] Shutting down plugin 'INNODB_SYS_TABLESPACES'
2016-10-12 10:55:57 7844 [Note] Shutting down plugin 'INNODB_SYS_FOREIGN_COLS'
2016-10-12 10:55:57 7844 [Note] Shutting down plugin 'INNODB_SYS_FOREIGN'
2016-10-12 10:55:57 7844 [Note] Shutting down plugin 'INNODB_SYS_FIELDS'
2016-10-12 10:55:57 7844 [Note] Shutting down plugin 'INNODB_SYS_COLUMNS'
2016-10-12 10:55:57 7844 [Note] Shutting down plugin 'INNODB_SYS_INDEXES'
2016-10-12 10:55:57 7844 [Note] Shutting down plugin 'INNODB_SYS_TABLESTATS'
2016-10-12 10:55:57 7844 [Note] Shutting down plugin 'INNODB_SYS_TABLES'
2016-10-12 10:55:57 7844 [Note] Shutting down plugin 'INNODB_FT_INDEX_TABLE'
2016-10-12 10:55:57 7844 [Note] Shutting down plugin 'INNODB_FT_INDEX_CACHE'
2016-10-12 10:55:57 7844 [Note] Shutting down plugin 'INNODB_FT_CONFIG'
2016-10-12 10:55:57 7844 [Note] Shutting down plugin 'INNODB_FT_BEING_DELETED'
2016-10-12 10:55:57 7844 [Note] Shutting down plugin 'INNODB_FT_DELETED'
2016-10-12 10:55:57 7844 [Note] Shutting down plugin 'INNODB_FT_DEFAULT_STOPWORD'
2016-10-12 10:55:57 7844 [Note] Shutting down plugin 'INNODB_METRICS'
2016-10-12 10:55:57 7844 [Note] Shutting down plugin 'INNODB_BUFFER_POOL_STATS'
2016-10-12 10:55:57 7844 [Note] Shutting down plugin 'INNODB_BUFFER_PAGE_LRU'
2016-10-12 10:55:57 7844 [Note] Shutting down plugin 'INNODB_BUFFER_PAGE'
2016-10-12 10:55:57 7844 [Note] Shutting down plugin 'INNODB_CMP_PER_INDEX_RESET'
2016-10-12 10:55:57 7844 [Note] Shutting down plugin 'INNODB_CMP_PER_INDEX'
2016-10-12 10:55:57 7844 [Note] Shutting down plugin 'INNODB_CMPMEM_RESET'
2016-10-12 10:55:57 7844 [Note] Shutting down plugin 'INNODB_CMPMEM'
2016-10-12 10:55:57 7844 [Note] Shutting down plugin 'INNODB_CMP_RESET'
2016-10-12 10:55:57 7844 [Note] Shutting down plugin 'INNODB_CMP'
2016-10-12 10:55:57 7844 [Note] Shutting down plugin 'INNODB_LOCK_WAITS'
2016-10-12 10:55:57 7844 [Note] Shutting down plugin 'INNODB_LOCKS'
2016-10-12 10:55:57 7844 [Note] Shutting down plugin 'INNODB_TRX'
2016-10-12 10:55:57 7844 [Note] Shutting down plugin 'InnoDB'
2016-10-12 10:55:57 7844 [Note] InnoDB: FTS optimize thread exiting.
2016-10-12 10:55:57 7844 [Note] InnoDB: Starting shutdown...
2016-10-12 10:55:59 7844 [Note] InnoDB: Shutdown completed; log sequence number 1626027
2016-10-12 10:55:59 7844 [Note] Shutting down plugin 'BLACKHOLE'
2016-10-12 10:55:59 7844 [Note] Shutting down plugin 'ARCHIVE'
2016-10-12 10:55:59 7844 [Note] Shutting down plugin 'MRG_MYISAM'
2016-10-12 10:55:59 7844 [Note] Shutting down plugin 'MyISAM'
2016-10-12 10:55:59 7844 [Note] Shutting down plugin 'MEMORY'
2016-10-12 10:55:59 7844 [Note] Shutting down plugin 'CSV'
2016-10-12 10:55:59 7844 [Note] Shutting down plugin 'sha256_password'
2016-10-12 10:55:59 7844 [Note] Shutting down plugin 'mysql_old_password'
2016-10-12 10:55:59 7844 [Note] Shutting down plugin 'mysql_native_password'
2016-10-12 10:55:59 7844 [Note] Shutting down plugin 'binlog'
2016-10-12 10:55:59 7844 [Note] wampmysqld: Arrêt du serveur terminé

2016-10-12 10:58:22 5436 [Note] Plugin 'FEDERATED' is disabled.
2016-10-12 10:58:22 5436 [Note] InnoDB: Using atomics to ref count buffer pool pages
2016-10-12 10:58:22 5436 [Note] InnoDB: The InnoDB memory heap is disabled
2016-10-12 10:58:22 5436 [Note] InnoDB: Mutexes and rw_locks use Windows interlocked functions
2016-10-12 10:58:22 5436 [Note] InnoDB: Compressed tables use zlib 1.2.3
2016-10-12 10:58:22 5436 [Note] InnoDB: Not using CPU crc32 instructions
2016-10-12 10:58:22 5436 [Note] InnoDB: Initializing buffer pool, size = 128.0M
2016-10-12 10:58:22 5436 [Note] InnoDB: Completed initialization of buffer pool
2016-10-12 10:58:22 5436 [Note] InnoDB: Highest supported file format is Barracuda.
2016-10-12 10:58:22 5436 [Note] InnoDB: 128 rollback segment(s) are active.
2016-10-12 10:58:22 5436 [Note] InnoDB: Waiting for purge to start
2016-10-12 10:58:22 5436 [Note] InnoDB: 5.6.17 started; log sequence number 1626027
2016-10-12 10:58:22 5436 [Note] Server hostname (bind-address): '*'; port: 3306
2016-10-12 10:58:22 5436 [Note] IPv6 is available.
2016-10-12 10:58:22 5436 [Note]   - '::' resolves to '::';
2016-10-12 10:58:22 5436 [Note] Server socket created on IP: '::'.
2016-10-12 10:58:22 5436 [ERROR] Can't start server: Bind on TCP/IP port: No such file or directory
2016-10-12 10:58:22 5436 [ERROR] Do you already have another mysqld server running on port: 3306 ?
2016-10-12 10:58:22 5436 [ERROR] Aborting

2016-10-12 10:58:22 5436 [Note] Binlog end
2016-10-12 10:58:22 5436 [Note] Shutting down plugin 'partition'
2016-10-12 10:58:22 5436 [Note] Shutting down plugin 'PERFORMANCE_SCHEMA'
2016-10-12 10:58:22 5436 [Note] Shutting down plugin 'INNODB_SYS_DATAFILES'
2016-10-12 10:58:22 5436 [Note] Shutting down plugin 'INNODB_SYS_TABLESPACES'
2016-10-12 10:58:22 5436 [Note] Shutting down plugin 'INNODB_SYS_FOREIGN_COLS'
2016-10-12 10:58:22 5436 [Note] Shutting down plugin 'INNODB_SYS_FOREIGN'
2016-10-12 10:58:22 5436 [Note] Shutting down plugin 'INNODB_SYS_FIELDS'
2016-10-12 10:58:22 5436 [Note] Shutting down plugin 'INNODB_SYS_COLUMNS'
2016-10-12 10:58:22 5436 [Note] Shutting down plugin 'INNODB_SYS_INDEXES'
2016-10-12 10:58:22 5436 [Note] Shutting down plugin 'INNODB_SYS_TABLESTATS'
2016-10-12 10:58:22 5436 [Note] Shutting down plugin 'INNODB_SYS_TABLES'
2016-10-12 10:58:22 5436 [Note] Shutting down plugin 'INNODB_FT_INDEX_TABLE'
2016-10-12 10:58:22 5436 [Note] Shutting down plugin 'INNODB_FT_INDEX_CACHE'
2016-10-12 10:58:22 5436 [Note] Shutting down plugin 'INNODB_FT_CONFIG'
2016-10-12 10:58:22 5436 [Note] Shutting down plugin 'INNODB_FT_BEING_DELETED'
2016-10-12 10:58:22 5436 [Note] Shutting down plugin 'INNODB_FT_DELETED'
2016-10-12 10:58:22 5436 [Note] Shutting down plugin 'INNODB_FT_DEFAULT_STOPWORD'
2016-10-12 10:58:22 5436 [Note] Shutting down plugin 'INNODB_METRICS'
2016-10-12 10:58:22 5436 [Note] Shutting down plugin 'INNODB_BUFFER_POOL_STATS'
2016-10-12 10:58:22 5436 [Note] Shutting down plugin 'INNODB_BUFFER_PAGE_LRU'
2016-10-12 10:58:22 5436 [Note] Shutting down plugin 'INNODB_BUFFER_PAGE'
2016-10-12 10:58:22 5436 [Note] Shutting down plugin 'INNODB_CMP_PER_INDEX_RESET'
2016-10-12 10:58:22 5436 [Note] Shutting down plugin 'INNODB_CMP_PER_INDEX'
2016-10-12 10:58:22 5436 [Note] Shutting down plugin 'INNODB_CMPMEM_RESET'
2016-10-12 10:58:22 5436 [Note] Shutting down plugin 'INNODB_CMPMEM'
2016-10-12 10:58:22 5436 [Note] Shutting down plugin 'INNODB_CMP_RESET'
2016-10-12 10:58:22 5436 [Note] Shutting down plugin 'INNODB_CMP'
2016-10-12 10:58:22 5436 [Note] Shutting down plugin 'INNODB_LOCK_WAITS'
2016-10-12 10:58:22 5436 [Note] Shutting down plugin 'INNODB_LOCKS'
2016-10-12 10:58:22 5436 [Note] Shutting down plugin 'INNODB_TRX'
2016-10-12 10:58:22 5436 [Note] Shutting down plugin 'InnoDB'
2016-10-12 10:58:22 5436 [Note] InnoDB: FTS optimize thread exiting.
2016-10-12 10:58:22 5436 [Note] InnoDB: Starting shutdown...
2016-10-12 10:58:24 5436 [Note] InnoDB: Shutdown completed; log sequence number 1626037
2016-10-12 10:58:24 5436 [Note] Shutting down plugin 'BLACKHOLE'
2016-10-12 10:58:24 5436 [Note] Shutting down plugin 'ARCHIVE'
2016-10-12 10:58:24 5436 [Note] Shutting down plugin 'MRG_MYISAM'
2016-10-12 10:58:24 5436 [Note] Shutting down plugin 'MyISAM'
2016-10-12 10:58:24 5436 [Note] Shutting down plugin 'MEMORY'
2016-10-12 10:58:24 5436 [Note] Shutting down plugin 'CSV'
2016-10-12 10:58:24 5436 [Note] Shutting down plugin 'sha256_password'
2016-10-12 10:58:24 5436 [Note] Shutting down plugin 'mysql_old_password'
2016-10-12 10:58:24 5436 [Note] Shutting down plugin 'mysql_native_password'
2016-10-12 10:58:24 5436 [Note] Shutting down plugin 'binlog'
2016-10-12 10:58:24 5436 [Note] wampmysqld: Arrêt du serveur terminé

2016-10-12 10:58:55 7740 [Note] Plugin 'FEDERATED' is disabled.
2016-10-12 10:58:55 7740 [Note] InnoDB: Using atomics to ref count buffer pool pages
2016-10-12 10:58:55 7740 [Note] InnoDB: The InnoDB memory heap is disabled
2016-10-12 10:58:55 7740 [Note] InnoDB: Mutexes and rw_locks use Windows interlocked functions
2016-10-12 10:58:55 7740 [Note] InnoDB: Compressed tables use zlib 1.2.3
2016-10-12 10:58:55 7740 [Note] InnoDB: Not using CPU crc32 instructions
2016-10-12 10:58:55 7740 [Note] InnoDB: Initializing buffer pool, size = 128.0M
2016-10-12 10:58:55 7740 [Note] InnoDB: Completed initialization of buffer pool
2016-10-12 10:58:55 7740 [Note] InnoDB: Highest supported file format is Barracuda.
2016-10-12 10:58:55 7740 [Note] InnoDB: 128 rollback segment(s) are active.
2016-10-12 10:58:55 7740 [Note] InnoDB: Waiting for purge to start
2016-10-12 10:58:55 7740 [Note] InnoDB: 5.6.17 started; log sequence number 1626037
2016-10-12 10:58:55 7740 [Note] Server hostname (bind-address): '*'; port: 3306
2016-10-12 10:58:55 7740 [Note] IPv6 is available.
2016-10-12 10:58:55 7740 [Note]   - '::' resolves to '::';
2016-10-12 10:58:55 7740 [Note] Server socket created on IP: '::'.
2016-10-12 10:58:55 7740 [ERROR] Can't start server: Bind on TCP/IP port: No such file or directory
2016-10-12 10:58:55 7740 [ERROR] Do you already have another mysqld server running on port: 3306 ?
2016-10-12 10:58:55 7740 [ERROR] Aborting

2016-10-12 10:58:55 7740 [Note] Binlog end
2016-10-12 10:58:55 7740 [Note] Shutting down plugin 'partition'
2016-10-12 10:58:55 7740 [Note] Shutting down plugin 'PERFORMANCE_SCHEMA'
2016-10-12 10:58:55 7740 [Note] Shutting down plugin 'INNODB_SYS_DATAFILES'
2016-10-12 10:58:55 7740 [Note] Shutting down plugin 'INNODB_SYS_TABLESPACES'
2016-10-12 10:58:55 7740 [Note] Shutting down plugin 'INNODB_SYS_FOREIGN_COLS'
2016-10-12 10:58:55 7740 [Note] Shutting down plugin 'INNODB_SYS_FOREIGN'
2016-10-12 10:58:55 7740 [Note] Shutting down plugin 'INNODB_SYS_FIELDS'
2016-10-12 10:58:55 7740 [Note] Shutting down plugin 'INNODB_SYS_COLUMNS'
2016-10-12 10:58:55 7740 [Note] Shutting down plugin 'INNODB_SYS_INDEXES'
2016-10-12 10:58:55 7740 [Note] Shutting down plugin 'INNODB_SYS_TABLESTATS'
2016-10-12 10:58:55 7740 [Note] Shutting down plugin 'INNODB_SYS_TABLES'
2016-10-12 10:58:55 7740 [Note] Shutting down plugin 'INNODB_FT_INDEX_TABLE'
2016-10-12 10:58:55 7740 [Note] Shutting down plugin 'INNODB_FT_INDEX_CACHE'
2016-10-12 10:58:55 7740 [Note] Shutting down plugin 'INNODB_FT_CONFIG'
2016-10-12 10:58:55 7740 [Note] Shutting down plugin 'INNODB_FT_BEING_DELETED'
2016-10-12 10:58:55 7740 [Note] Shutting down plugin 'INNODB_FT_DELETED'
2016-10-12 10:58:55 7740 [Note] Shutting down plugin 'INNODB_FT_DEFAULT_STOPWORD'
2016-10-12 10:58:55 7740 [Note] Shutting down plugin 'INNODB_METRICS'
2016-10-12 10:58:55 7740 [Note] Shutting down plugin 'INNODB_BUFFER_POOL_STATS'
2016-10-12 10:58:55 7740 [Note] Shutting down plugin 'INNODB_BUFFER_PAGE_LRU'
2016-10-12 10:58:55 7740 [Note] Shutting down plugin 'INNODB_BUFFER_PAGE'
2016-10-12 10:58:55 7740 [Note] Shutting down plugin 'INNODB_CMP_PER_INDEX_RESET'
2016-10-12 10:58:55 7740 [Note] Shutting down plugin 'INNODB_CMP_PER_INDEX'
2016-10-12 10:58:55 7740 [Note] Shutting down plugin 'INNODB_CMPMEM_RESET'
2016-10-12 10:58:55 7740 [Note] Shutting down plugin 'INNODB_CMPMEM'
2016-10-12 10:58:55 7740 [Note] Shutting down plugin 'INNODB_CMP_RESET'
2016-10-12 10:58:55 7740 [Note] Shutting down plugin 'INNODB_CMP'
2016-10-12 10:58:55 7740 [Note] Shutting down plugin 'INNODB_LOCK_WAITS'
2016-10-12 10:58:55 7740 [Note] Shutting down plugin 'INNODB_LOCKS'
2016-10-12 10:58:55 7740 [Note] Shutting down plugin 'INNODB_TRX'
2016-10-12 10:58:55 7740 [Note] Shutting down plugin 'InnoDB'
2016-10-12 10:58:55 7740 [Note] InnoDB: FTS optimize thread exiting.
2016-10-12 10:58:55 7740 [Note] InnoDB: Starting shutdown...
2016-10-12 10:58:57 7740 [Note] InnoDB: Shutdown completed; log sequence number 1626047
2016-10-12 10:58:57 7740 [Note] Shutting down plugin 'BLACKHOLE'
2016-10-12 10:58:57 7740 [Note] Shutting down plugin 'ARCHIVE'
2016-10-12 10:58:57 7740 [Note] Shutting down plugin 'MRG_MYISAM'
2016-10-12 10:58:57 7740 [Note] Shutting down plugin 'MyISAM'
2016-10-12 10:58:57 7740 [Note] Shutting down plugin 'MEMORY'
2016-10-12 10:58:57 7740 [Note] Shutting down plugin 'CSV'
2016-10-12 10:58:57 7740 [Note] Shutting down plugin 'sha256_password'
2016-10-12 10:58:57 7740 [Note] Shutting down plugin 'mysql_old_password'
2016-10-12 10:58:57 7740 [Note] Shutting down plugin 'mysql_native_password'
2016-10-12 10:58:57 7740 [Note] Shutting down plugin 'binlog'
2016-10-12 10:58:57 7740 [Note] wampmysqld: Arrêt du serveur terminé

2016-10-12 11:07:10 2340 [Note] Plugin 'FEDERATED' is disabled.
2016-10-12 11:07:10 2340 [Note] InnoDB: Using atomics to ref count buffer pool pages
2016-10-12 11:07:10 2340 [Note] InnoDB: The InnoDB memory heap is disabled
2016-10-12 11:07:10 2340 [Note] InnoDB: Mutexes and rw_locks use Windows interlocked functions
2016-10-12 11:07:10 2340 [Note] InnoDB: Compressed tables use zlib 1.2.3
2016-10-12 11:07:10 2340 [Note] InnoDB: Not using CPU crc32 instructions
2016-10-12 11:07:10 2340 [Note] InnoDB: Initializing buffer pool, size = 128.0M
2016-10-12 11:07:10 2340 [Note] InnoDB: Completed initialization of buffer pool
2016-10-12 11:07:10 2340 [Note] InnoDB: Highest supported file format is Barracuda.
2016-10-12 11:07:11 2340 [Note] InnoDB: 128 rollback segment(s) are active.
2016-10-12 11:07:11 2340 [Note] InnoDB: Waiting for purge to start
2016-10-12 11:07:11 2340 [Note] InnoDB: 5.6.17 started; log sequence number 1626047
2016-10-12 11:07:11 2340 [Note] Server hostname (bind-address): '*'; port: 3306
2016-10-12 11:07:11 2340 [Note] IPv6 is available.
2016-10-12 11:07:11 2340 [Note]   - '::' resolves to '::';
2016-10-12 11:07:11 2340 [Note] Server socket created on IP: '::'.
2016-10-12 11:07:11 2340 [Note] Event Scheduler: Loaded 0 events
2016-10-12 11:07:11 2340 [Note] wampmysqld: ready for connections.
Version: '5.6.17'  socket: ''  port: 3306  MySQL Community Server (GPL)
2016-10-12 11:14:00 2340 [Note] wampmysqld: Arrêt normal du serveur

2016-10-12 11:14:00 2340 [Note] Giving 0 client threads a chance to die gracefully
2016-10-12 11:14:00 2340 [Note] Event Scheduler: Purging the queue. 0 events
2016-10-12 11:14:00 2340 [Note] Shutting down slave threads
2016-10-12 11:14:00 2340 [Note] Forcefully disconnecting 0 remaining clients
2016-10-12 11:14:00 2340 [Note] Binlog end
2016-10-12 11:14:00 2340 [Note] Shutting down plugin 'partition'
2016-10-12 11:14:00 2340 [Note] Shutting down plugin 'PERFORMANCE_SCHEMA'
2016-10-12 11:14:00 2340 [Note] Shutting down plugin 'INNODB_SYS_DATAFILES'
2016-10-12 11:14:00 2340 [Note] Shutting down plugin 'INNODB_SYS_TABLESPACES'
2016-10-12 11:14:00 2340 [Note] Shutting down plugin 'INNODB_SYS_FOREIGN_COLS'
2016-10-12 11:14:00 2340 [Note] Shutting down plugin 'INNODB_SYS_FOREIGN'
2016-10-12 11:14:00 2340 [Note] Shutting down plugin 'INNODB_SYS_FIELDS'
2016-10-12 11:14:00 2340 [Note] Shutting down plugin 'INNODB_SYS_COLUMNS'
2016-10-12 11:14:00 2340 [Note] Shutting down plugin 'INNODB_SYS_INDEXES'
2016-10-12 11:14:00 2340 [Note] Shutting down plugin 'INNODB_SYS_TABLESTATS'
2016-10-12 11:14:00 2340 [Note] Shutting down plugin 'INNODB_SYS_TABLES'
2016-10-12 11:14:00 2340 [Note] Shutting down plugin 'INNODB_FT_INDEX_TABLE'
2016-10-12 11:14:00 2340 [Note] Shutting down plugin 'INNODB_FT_INDEX_CACHE'
2016-10-12 11:14:00 2340 [Note] Shutting down plugin 'INNODB_FT_CONFIG'
2016-10-12 11:14:00 2340 [Note] Shutting down plugin 'INNODB_FT_BEING_DELETED'
2016-10-12 11:14:00 2340 [Note] Shutting down plugin 'INNODB_FT_DELETED'
2016-10-12 11:14:00 2340 [Note] Shutting down plugin 'INNODB_FT_DEFAULT_STOPWORD'
2016-10-12 11:14:00 2340 [Note] Shutting down plugin 'INNODB_METRICS'
2016-10-12 11:14:00 2340 [Note] Shutting down plugin 'INNODB_BUFFER_POOL_STATS'
2016-10-12 11:14:00 2340 [Note] Shutting down plugin 'INNODB_BUFFER_PAGE_LRU'
2016-10-12 11:14:00 2340 [Note] Shutting down plugin 'INNODB_BUFFER_PAGE'
2016-10-12 11:14:00 2340 [Note] Shutting down plugin 'INNODB_CMP_PER_INDEX_RESET'
2016-10-12 11:14:00 2340 [Note] Shutting down plugin 'INNODB_CMP_PER_INDEX'
2016-10-12 11:14:00 2340 [Note] Shutting down plugin 'INNODB_CMPMEM_RESET'
2016-10-12 11:14:00 2340 [Note] Shutting down plugin 'INNODB_CMPMEM'
2016-10-12 11:14:00 2340 [Note] Shutting down plugin 'INNODB_CMP_RESET'
2016-10-12 11:14:00 2340 [Note] Shutting down plugin 'INNODB_CMP'
2016-10-12 11:14:00 2340 [Note] Shutting down plugin 'INNODB_LOCK_WAITS'
2016-10-12 11:14:00 2340 [Note] Shutting down plugin 'INNODB_LOCKS'
2016-10-12 11:14:00 2340 [Note] Shutting down plugin 'INNODB_TRX'
2016-10-12 11:14:00 2340 [Note] Shutting down plugin 'InnoDB'
2016-10-12 11:14:00 2340 [Note] InnoDB: FTS optimize thread exiting.
2016-10-12 11:14:00 2340 [Note] InnoDB: Starting shutdown...
2016-10-12 11:14:01 2340 [Note] InnoDB: Shutdown completed; log sequence number 1626057
2016-10-12 11:14:01 2340 [Note] Shutting down plugin 'BLACKHOLE'
2016-10-12 11:14:01 2340 [Note] Shutting down plugin 'ARCHIVE'
2016-10-12 11:14:01 2340 [Note] Shutting down plugin 'MRG_MYISAM'
2016-10-12 11:14:01 2340 [Note] Shutting down plugin 'MyISAM'
2016-10-12 11:14:01 2340 [Note] Shutting down plugin 'MEMORY'
2016-10-12 11:14:01 2340 [Note] Shutting down plugin 'CSV'
2016-10-12 11:14:01 2340 [Note] Shutting down plugin 'sha256_password'
2016-10-12 11:14:01 2340 [Note] Shutting down plugin 'mysql_old_password'
2016-10-12 11:14:01 2340 [Note] Shutting down plugin 'mysql_native_password'
2016-10-12 11:14:01 2340 [Note] Shutting down plugin 'binlog'
2016-10-12 11:14:01 2340 [Note] wampmysqld: Arrêt du serveur terminé

2016-10-12 11:14:05 6904 [Note] Plugin 'FEDERATED' is disabled.
2016-10-12 11:14:05 6904 [Note] InnoDB: Using atomics to ref count buffer pool pages
2016-10-12 11:14:05 6904 [Note] InnoDB: The InnoDB memory heap is disabled
2016-10-12 11:14:05 6904 [Note] InnoDB: Mutexes and rw_locks use Windows interlocked functions
2016-10-12 11:14:05 6904 [Note] InnoDB: Compressed tables use zlib 1.2.3
2016-10-12 11:14:05 6904 [Note] InnoDB: Not using CPU crc32 instructions
2016-10-12 11:14:05 6904 [Note] InnoDB: Initializing buffer pool, size = 128.0M
2016-10-12 11:14:05 6904 [Note] InnoDB: Completed initialization of buffer pool
2016-10-12 11:14:05 6904 [Note] InnoDB: Highest supported file format is Barracuda.
2016-10-12 11:14:05 6904 [Note] InnoDB: 128 rollback segment(s) are active.
2016-10-12 11:14:05 6904 [Note] InnoDB: Waiting for purge to start
2016-10-12 11:14:05 6904 [Note] InnoDB: 5.6.17 started; log sequence number 1626057
2016-10-12 11:14:05 6904 [Note] Server hostname (bind-address): '*'; port: 3306
2016-10-12 11:14:05 6904 [Note] IPv6 is available.
2016-10-12 11:14:05 6904 [Note]   - '::' resolves to '::';
2016-10-12 11:14:05 6904 [Note] Server socket created on IP: '::'.
2016-10-12 11:14:05 6904 [Note] Event Scheduler: Loaded 0 events
2016-10-12 11:14:05 6904 [Note] wampmysqld: ready for connections.
Version: '5.6.17'  socket: ''  port: 3306  MySQL Community Server (GPL)
2016-10-12 15:33:39 6904 [Note] wampmysqld: Arrêt normal du serveur

2016-10-12 15:33:39 6904 [Note] Giving 1 client threads a chance to die gracefully
2016-10-12 15:33:39 6904 [Note] Event Scheduler: Purging the queue. 0 events
2016-10-12 15:33:39 6904 [Note] Shutting down slave threads
2016-10-12 15:33:41 6904 [Note] Forcefully disconnecting 1 remaining clients
2016-10-12 15:33:41 6904 [Warning] wampmysqld: Arrêt forcé de la tâche (thread) 8  utilisateur: 'root'

2016-10-12 15:33:41 6904 [Note] Binlog end
2016-10-12 15:33:41 6904 [Note] Shutting down plugin 'partition'
2016-10-12 15:33:41 6904 [Note] Shutting down plugin 'PERFORMANCE_SCHEMA'
2016-10-12 15:33:41 6904 [Note] Shutting down plugin 'INNODB_SYS_DATAFILES'
2016-10-12 15:33:41 6904 [Note] Shutting down plugin 'INNODB_SYS_TABLESPACES'
2016-10-12 15:33:41 6904 [Note] Shutting down plugin 'INNODB_SYS_FOREIGN_COLS'
2016-10-12 15:33:41 6904 [Note] Shutting down plugin 'INNODB_SYS_FOREIGN'
2016-10-12 15:33:41 6904 [Note] Shutting down plugin 'INNODB_SYS_FIELDS'
2016-10-12 15:33:41 6904 [Note] Shutting down plugin 'INNODB_SYS_COLUMNS'
2016-10-12 15:33:41 6904 [Note] Shutting down plugin 'INNODB_SYS_INDEXES'
2016-10-12 15:33:41 6904 [Note] Shutting down plugin 'INNODB_SYS_TABLESTATS'
2016-10-12 15:33:41 6904 [Note] Shutting down plugin 'INNODB_SYS_TABLES'
2016-10-12 15:33:41 6904 [Note] Shutting down plugin 'INNODB_FT_INDEX_TABLE'
2016-10-12 15:33:41 6904 [Note] Shutting down plugin 'INNODB_FT_INDEX_CACHE'
2016-10-12 15:33:41 6904 [Note] Shutting down plugin 'INNODB_FT_CONFIG'
2016-10-12 15:33:41 6904 [Note] Shutting down plugin 'INNODB_FT_BEING_DELETED'
2016-10-12 15:33:41 6904 [Note] Shutting down plugin 'INNODB_FT_DELETED'
2016-10-12 15:33:41 6904 [Note] Shutting down plugin 'INNODB_FT_DEFAULT_STOPWORD'
2016-10-12 15:33:41 6904 [Note] Shutting down plugin 'INNODB_METRICS'
2016-10-12 15:33:41 6904 [Note] Shutting down plugin 'INNODB_BUFFER_POOL_STATS'
2016-10-12 15:33:41 6904 [Note] Shutting down plugin 'INNODB_BUFFER_PAGE_LRU'
2016-10-12 15:33:41 6904 [Note] Shutting down plugin 'INNODB_BUFFER_PAGE'
2016-10-12 15:33:41 6904 [Note] Shutting down plugin 'INNODB_CMP_PER_INDEX_RESET'
2016-10-12 15:33:41 6904 [Note] Shutting down plugin 'INNODB_CMP_PER_INDEX'
2016-10-12 15:33:41 6904 [Note] Shutting down plugin 'INNODB_CMPMEM_RESET'
2016-10-12 15:33:41 6904 [Note] Shutting down plugin 'INNODB_CMPMEM'
2016-10-12 15:33:41 6904 [Note] Shutting down plugin 'INNODB_CMP_RESET'
2016-10-12 15:33:41 6904 [Note] Shutting down plugin 'INNODB_CMP'
2016-10-12 15:33:41 6904 [Note] Shutting down plugin 'INNODB_LOCK_WAITS'
2016-10-12 15:33:41 6904 [Note] Shutting down plugin 'INNODB_LOCKS'
2016-10-12 15:33:41 6904 [Note] Shutting down plugin 'INNODB_TRX'
2016-10-12 15:33:41 6904 [Note] Shutting down plugin 'InnoDB'
2016-10-12 15:33:41 6904 [Note] InnoDB: FTS optimize thread exiting.
2016-10-12 15:33:41 6904 [Note] InnoDB: Starting shutdown...
2016-10-12 15:33:42 6904 [Note] InnoDB: Shutdown completed; log sequence number 1626067
2016-10-12 15:33:42 6904 [Note] Shutting down plugin 'BLACKHOLE'
2016-10-12 15:33:42 6904 [Note] Shutting down plugin 'ARCHIVE'
2016-10-12 15:33:42 6904 [Note] Shutting down plugin 'MRG_MYISAM'
2016-10-12 15:33:42 6904 [Note] Shutting down plugin 'MyISAM'
2016-10-12 15:33:42 6904 [Note] Shutting down plugin 'MEMORY'
2016-10-12 15:33:42 6904 [Note] Shutting down plugin 'CSV'
2016-10-12 15:33:42 6904 [Note] Shutting down plugin 'sha256_password'
2016-10-12 15:33:42 6904 [Note] Shutting down plugin 'mysql_old_password'
2016-10-12 15:33:42 6904 [Note] Shutting down plugin 'mysql_native_password'
2016-10-12 15:33:42 6904 [Note] Shutting down plugin 'binlog'
2016-10-12 15:33:42 6904 [Note] wampmysqld: Arrêt du serveur terminé

2016-10-12 15:33:42 12132 [Note] Plugin 'FEDERATED' is disabled.
2016-10-12 15:33:42 12132 [Note] InnoDB: Using atomics to ref count buffer pool pages
2016-10-12 15:33:42 12132 [Note] InnoDB: The InnoDB memory heap is disabled
2016-10-12 15:33:42 12132 [Note] InnoDB: Mutexes and rw_locks use Windows interlocked functions
2016-10-12 15:33:42 12132 [Note] InnoDB: Compressed tables use zlib 1.2.3
2016-10-12 15:33:42 12132 [Note] InnoDB: Not using CPU crc32 instructions
2016-10-12 15:33:42 12132 [Note] InnoDB: Initializing buffer pool, size = 128.0M
2016-10-12 15:33:42 12132 [Note] InnoDB: Completed initialization of buffer pool
2016-10-12 15:33:42 12132 [Note] InnoDB: Highest supported file format is Barracuda.
2016-10-12 15:33:43 12132 [Note] InnoDB: 128 rollback segment(s) are active.
2016-10-12 15:33:43 12132 [Note] InnoDB: Waiting for purge to start
2016-10-12 15:33:43 12132 [Note] InnoDB: 5.6.17 started; log sequence number 1626067
2016-10-12 15:33:43 12132 [Note] Server hostname (bind-address): '*'; port: 3306
2016-10-12 15:33:43 12132 [Note] IPv6 is available.
2016-10-12 15:33:43 12132 [Note]   - '::' resolves to '::';
2016-10-12 15:33:43 12132 [Note] Server socket created on IP: '::'.
2016-10-12 15:33:43 12132 [Note] Event Scheduler: Loaded 0 events
2016-10-12 15:33:43 12132 [Note] wampmysqld: ready for connections.
Version: '5.6.17'  socket: ''  port: 3306  MySQL Community Server (GPL)
2016-10-12 16:25:52 12132 [Note] wampmysqld: Arrêt normal du serveur

2016-10-12 16:25:52 12132 [Note] Giving 1 client threads a chance to die gracefully
2016-10-12 16:25:52 12132 [Note] Event Scheduler: Purging the queue. 0 events
2016-10-12 16:25:52 12132 [Note] Shutting down slave threads
2016-10-12 16:25:54 12132 [Note] Forcefully disconnecting 1 remaining clients
2016-10-12 16:25:54 12132 [Warning] wampmysqld: Arrêt forcé de la tâche (thread) 4  utilisateur: 'root'

2016-10-12 16:25:54 12132 [Note] Binlog end
2016-10-12 16:25:54 12132 [Note] Shutting down plugin 'partition'
2016-10-12 16:25:54 12132 [Note] Shutting down plugin 'PERFORMANCE_SCHEMA'
2016-10-12 16:25:54 12132 [Note] Shutting down plugin 'INNODB_SYS_DATAFILES'
2016-10-12 16:25:54 12132 [Note] Shutting down plugin 'INNODB_SYS_TABLESPACES'
2016-10-12 16:25:54 12132 [Note] Shutting down plugin 'INNODB_SYS_FOREIGN_COLS'
2016-10-12 16:25:54 12132 [Note] Shutting down plugin 'INNODB_SYS_FOREIGN'
2016-10-12 16:25:54 12132 [Note] Shutting down plugin 'INNODB_SYS_FIELDS'
2016-10-12 16:25:54 12132 [Note] Shutting down plugin 'INNODB_SYS_COLUMNS'
2016-10-12 16:25:54 12132 [Note] Shutting down plugin 'INNODB_SYS_INDEXES'
2016-10-12 16:25:54 12132 [Note] Shutting down plugin 'INNODB_SYS_TABLESTATS'
2016-10-12 16:25:54 12132 [Note] Shutting down plugin 'INNODB_SYS_TABLES'
2016-10-12 16:25:54 12132 [Note] Shutting down plugin 'INNODB_FT_INDEX_TABLE'
2016-10-12 16:25:54 12132 [Note] Shutting down plugin 'INNODB_FT_INDEX_CACHE'
2016-10-12 16:25:54 12132 [Note] Shutting down plugin 'INNODB_FT_CONFIG'
2016-10-12 16:25:54 12132 [Note] Shutting down plugin 'INNODB_FT_BEING_DELETED'
2016-10-12 16:25:54 12132 [Note] Shutting down plugin 'INNODB_FT_DELETED'
2016-10-12 16:25:54 12132 [Note] Shutting down plugin 'INNODB_FT_DEFAULT_STOPWORD'
2016-10-12 16:25:54 12132 [Note] Shutting down plugin 'INNODB_METRICS'
2016-10-12 16:25:54 12132 [Note] Shutting down plugin 'INNODB_BUFFER_POOL_STATS'
2016-10-12 16:25:54 12132 [Note] Shutting down plugin 'INNODB_BUFFER_PAGE_LRU'
2016-10-12 16:25:54 12132 [Note] Shutting down plugin 'INNODB_BUFFER_PAGE'
2016-10-12 16:25:54 12132 [Note] Shutting down plugin 'INNODB_CMP_PER_INDEX_RESET'
2016-10-12 16:25:54 12132 [Note] Shutting down plugin 'INNODB_CMP_PER_INDEX'
2016-10-12 16:25:54 12132 [Note] Shutting down plugin 'INNODB_CMPMEM_RESET'
2016-10-12 16:25:54 12132 [Note] Shutting down plugin 'INNODB_CMPMEM'
2016-10-12 16:25:54 12132 [Note] Shutting down plugin 'INNODB_CMP_RESET'
2016-10-12 16:25:54 12132 [Note] Shutting down plugin 'INNODB_CMP'
2016-10-12 16:25:54 12132 [Note] Shutting down plugin 'INNODB_LOCK_WAITS'
2016-10-12 16:25:54 12132 [Note] Shutting down plugin 'INNODB_LOCKS'
2016-10-12 16:25:54 12132 [Note] Shutting down plugin 'INNODB_TRX'
2016-10-12 16:25:54 12132 [Note] Shutting down plugin 'InnoDB'
2016-10-12 16:25:54 12132 [Note] InnoDB: FTS optimize thread exiting.
2016-10-12 16:25:54 12132 [Note] InnoDB: Starting shutdown...
2016-10-12 16:25:55 12132 [Note] InnoDB: Shutdown completed; log sequence number 1626077
2016-10-12 16:25:55 12132 [Note] Shutting down plugin 'BLACKHOLE'
2016-10-12 16:25:55 12132 [Note] Shutting down plugin 'ARCHIVE'
2016-10-12 16:25:55 12132 [Note] Shutting down plugin 'MRG_MYISAM'
2016-10-12 16:25:55 12132 [Note] Shutting down plugin 'MyISAM'
2016-10-12 16:25:55 12132 [Note] Shutting down plugin 'MEMORY'
2016-10-12 16:25:55 12132 [Note] Shutting down plugin 'CSV'
2016-10-12 16:25:55 12132 [Note] Shutting down plugin 'sha256_password'
2016-10-12 16:25:55 12132 [Note] Shutting down plugin 'mysql_old_password'
2016-10-12 16:25:55 12132 [Note] Shutting down plugin 'mysql_native_password'
2016-10-12 16:25:55 12132 [Note] Shutting down plugin 'binlog'
2016-10-12 16:25:55 12132 [Note] wampmysqld: Arrêt du serveur terminé

2016-10-12 16:25:55 12068 [Note] Plugin 'FEDERATED' is disabled.
2016-10-12 16:25:55 12068 [Note] InnoDB: Using atomics to ref count buffer pool pages
2016-10-12 16:25:55 12068 [Note] InnoDB: The InnoDB memory heap is disabled
2016-10-12 16:25:55 12068 [Note] InnoDB: Mutexes and rw_locks use Windows interlocked functions
2016-10-12 16:25:55 12068 [Note] InnoDB: Compressed tables use zlib 1.2.3
2016-10-12 16:25:55 12068 [Note] InnoDB: Not using CPU crc32 instructions
2016-10-12 16:25:55 12068 [Note] InnoDB: Initializing buffer pool, size = 128.0M
2016-10-12 16:25:55 12068 [Note] InnoDB: Completed initialization of buffer pool
2016-10-12 16:25:55 12068 [Note] InnoDB: Highest supported file format is Barracuda.
2016-10-12 16:25:55 12068 [Note] InnoDB: 128 rollback segment(s) are active.
2016-10-12 16:25:56 12068 [Note] InnoDB: Waiting for purge to start
2016-10-12 16:25:56 12068 [Note] InnoDB: 5.6.17 started; log sequence number 1626077
2016-10-12 16:25:56 12068 [Note] Server hostname (bind-address): '*'; port: 3306
2016-10-12 16:25:56 12068 [Note] IPv6 is available.
2016-10-12 16:25:56 12068 [Note]   - '::' resolves to '::';
2016-10-12 16:25:56 12068 [Note] Server socket created on IP: '::'.
2016-10-12 16:25:56 12068 [Note] Event Scheduler: Loaded 0 events
2016-10-12 16:25:56 12068 [Note] wampmysqld: ready for connections.
Version: '5.6.17'  socket: ''  port: 3306  MySQL Community Server (GPL)
2016-10-12 16:34:29 12068 [Note] wampmysqld: Arrêt normal du serveur

2016-10-12 16:34:29 12068 [Note] Giving 0 client threads a chance to die gracefully
2016-10-12 16:34:29 12068 [Note] Event Scheduler: Purging the queue. 0 events
2016-10-12 16:34:29 12068 [Note] Shutting down slave threads
2016-10-12 16:34:29 12068 [Note] Forcefully disconnecting 0 remaining clients
2016-10-12 16:34:29 12068 [Note] Binlog end
2016-10-12 16:34:29 12068 [Note] Shutting down plugin 'partition'
2016-10-12 16:34:29 12068 [Note] Shutting down plugin 'PERFORMANCE_SCHEMA'
2016-10-12 16:34:29 12068 [Note] Shutting down plugin 'INNODB_SYS_DATAFILES'
2016-10-12 16:34:29 12068 [Note] Shutting down plugin 'INNODB_SYS_TABLESPACES'
2016-10-12 16:34:29 12068 [Note] Shutting down plugin 'INNODB_SYS_FOREIGN_COLS'
2016-10-12 16:34:29 12068 [Note] Shutting down plugin 'INNODB_SYS_FOREIGN'
2016-10-12 16:34:29 12068 [Note] Shutting down plugin 'INNODB_SYS_FIELDS'
2016-10-12 16:34:29 12068 [Note] Shutting down plugin 'INNODB_SYS_COLUMNS'
2016-10-12 16:34:29 12068 [Note] Shutting down plugin 'INNODB_SYS_INDEXES'
2016-10-12 16:34:29 12068 [Note] Shutting down plugin 'INNODB_SYS_TABLESTATS'
2016-10-12 16:34:29 12068 [Note] Shutting down plugin 'INNODB_SYS_TABLES'
2016-10-12 16:34:29 12068 [Note] Shutting down plugin 'INNODB_FT_INDEX_TABLE'
2016-10-12 16:34:29 12068 [Note] Shutting down plugin 'INNODB_FT_INDEX_CACHE'
2016-10-12 16:34:29 12068 [Note] Shutting down plugin 'INNODB_FT_CONFIG'
2016-10-12 16:34:29 12068 [Note] Shutting down plugin 'INNODB_FT_BEING_DELETED'
2016-10-12 16:34:29 12068 [Note] Shutting down plugin 'INNODB_FT_DELETED'
2016-10-12 16:34:29 12068 [Note] Shutting down plugin 'INNODB_FT_DEFAULT_STOPWORD'
2016-10-12 16:34:29 12068 [Note] Shutting down plugin 'INNODB_METRICS'
2016-10-12 16:34:29 12068 [Note] Shutting down plugin 'INNODB_BUFFER_POOL_STATS'
2016-10-12 16:34:29 12068 [Note] Shutting down plugin 'INNODB_BUFFER_PAGE_LRU'
2016-10-12 16:34:29 12068 [Note] Shutting down plugin 'INNODB_BUFFER_PAGE'
2016-10-12 16:34:29 12068 [Note] Shutting down plugin 'INNODB_CMP_PER_INDEX_RESET'
2016-10-12 16:34:29 12068 [Note] Shutting down plugin 'INNODB_CMP_PER_INDEX'
2016-10-12 16:34:29 12068 [Note] Shutting down plugin 'INNODB_CMPMEM_RESET'
2016-10-12 16:34:29 12068 [Note] Shutting down plugin 'INNODB_CMPMEM'
2016-10-12 16:34:29 12068 [Note] Shutting down plugin 'INNODB_CMP_RESET'
2016-10-12 16:34:29 12068 [Note] Shutting down plugin 'INNODB_CMP'
2016-10-12 16:34:29 12068 [Note] Shutting down plugin 'INNODB_LOCK_WAITS'
2016-10-12 16:34:29 12068 [Note] Shutting down plugin 'INNODB_LOCKS'
2016-10-12 16:34:29 12068 [Note] Shutting down plugin 'INNODB_TRX'
2016-10-12 16:34:29 12068 [Note] Shutting down plugin 'InnoDB'
2016-10-12 16:34:29 12068 [Note] InnoDB: FTS optimize thread exiting.
2016-10-12 16:34:29 12068 [Note] InnoDB: Starting shutdown...
2016-10-12 16:34:30 12068 [Note] InnoDB: Shutdown completed; log sequence number 1626087
2016-10-12 16:34:30 12068 [Note] Shutting down plugin 'BLACKHOLE'
2016-10-12 16:34:30 12068 [Note] Shutting down plugin 'ARCHIVE'
2016-10-12 16:34:30 12068 [Note] Shutting down plugin 'MRG_MYISAM'
2016-10-12 16:34:30 12068 [Note] Shutting down plugin 'MyISAM'
2016-10-12 16:34:30 12068 [Note] Shutting down plugin 'MEMORY'
2016-10-12 16:34:30 12068 [Note] Shutting down plugin 'CSV'
2016-10-12 16:34:30 12068 [Note] Shutting down plugin 'sha256_password'
2016-10-12 16:34:30 12068 [Note] Shutting down plugin 'mysql_old_password'
2016-10-12 16:34:30 12068 [Note] Shutting down plugin 'mysql_native_password'
2016-10-12 16:34:30 12068 [Note] Shutting down plugin 'binlog'
2016-10-12 16:34:30 12068 [Note] wampmysqld: Arrêt du serveur terminé

2016-10-12 16:34:35 13184 [Note] Plugin 'FEDERATED' is disabled.
2016-10-12 16:34:35 13184 [Note] InnoDB: Using atomics to ref count buffer pool pages
2016-10-12 16:34:35 13184 [Note] InnoDB: The InnoDB memory heap is disabled
2016-10-12 16:34:35 13184 [Note] InnoDB: Mutexes and rw_locks use Windows interlocked functions
2016-10-12 16:34:35 13184 [Note] InnoDB: Compressed tables use zlib 1.2.3
2016-10-12 16:34:35 13184 [Note] InnoDB: Not using CPU crc32 instructions
2016-10-12 16:34:35 13184 [Note] InnoDB: Initializing buffer pool, size = 128.0M
2016-10-12 16:34:35 13184 [Note] InnoDB: Completed initialization of buffer pool
2016-10-12 16:34:35 13184 [Note] InnoDB: Highest supported file format is Barracuda.
2016-10-12 16:34:36 13184 [Note] InnoDB: 128 rollback segment(s) are active.
2016-10-12 16:34:36 13184 [Note] InnoDB: Waiting for purge to start
2016-10-12 16:34:36 13184 [Note] InnoDB: 5.6.17 started; log sequence number 1626087
2016-10-12 16:34:36 13184 [Note] Server hostname (bind-address): '*'; port: 3306
2016-10-12 16:34:36 13184 [Note] IPv6 is available.
2016-10-12 16:34:36 13184 [Note]   - '::' resolves to '::';
2016-10-12 16:34:36 13184 [Note] Server socket created on IP: '::'.
2016-10-12 16:34:36 13184 [Note] Event Scheduler: Loaded 0 events
2016-10-12 16:34:36 13184 [Note] wampmysqld: ready for connections.
Version: '5.6.17'  socket: ''  port: 3306  MySQL Community Server (GPL)
2016-10-12 18:02:02 13184 [Note] wampmysqld: Arrêt normal du serveur

2016-10-12 18:02:03 13184 [Note] Giving 0 client threads a chance to die gracefully
2016-10-12 18:02:03 13184 [Note] Event Scheduler: Purging the queue. 0 events
2016-10-12 18:02:03 13184 [Note] Shutting down slave threads
2016-10-12 18:02:03 13184 [Note] Forcefully disconnecting 0 remaining clients
2016-10-12 18:02:03 13184 [Note] Binlog end
2016-10-12 18:02:03 13184 [Note] Shutting down plugin 'partition'
2016-10-12 18:02:03 13184 [Note] Shutting down plugin 'PERFORMANCE_SCHEMA'
2016-10-12 18:02:03 13184 [Note] Shutting down plugin 'INNODB_SYS_DATAFILES'
2016-10-12 18:02:03 13184 [Note] Shutting down plugin 'INNODB_SYS_TABLESPACES'
2016-10-12 18:02:03 13184 [Note] Shutting down plugin 'INNODB_SYS_FOREIGN_COLS'
2016-10-12 18:02:03 13184 [Note] Shutting down plugin 'INNODB_SYS_FOREIGN'
2016-10-12 18:02:03 13184 [Note] Shutting down plugin 'INNODB_SYS_FIELDS'
2016-10-12 18:02:03 13184 [Note] Shutting down plugin 'INNODB_SYS_COLUMNS'
2016-10-12 18:02:03 13184 [Note] Shutting down plugin 'INNODB_SYS_INDEXES'
2016-10-12 18:02:03 13184 [Note] Shutting down plugin 'INNODB_SYS_TABLESTATS'
2016-10-12 18:02:03 13184 [Note] Shutting down plugin 'INNODB_SYS_TABLES'
2016-10-12 18:02:03 13184 [Note] Shutting down plugin 'INNODB_FT_INDEX_TABLE'
2016-10-12 18:02:03 13184 [Note] Shutting down plugin 'INNODB_FT_INDEX_CACHE'
2016-10-12 18:02:03 13184 [Note] Shutting down plugin 'INNODB_FT_CONFIG'
2016-10-12 18:02:03 13184 [Note] Shutting down plugin 'INNODB_FT_BEING_DELETED'
2016-10-12 18:02:03 13184 [Note] Shutting down plugin 'INNODB_FT_DELETED'
2016-10-12 18:02:03 13184 [Note] Shutting down plugin 'INNODB_FT_DEFAULT_STOPWORD'
2016-10-12 18:02:03 13184 [Note] Shutting down plugin 'INNODB_METRICS'
2016-10-12 18:02:03 13184 [Note] Shutting down plugin 'INNODB_BUFFER_POOL_STATS'
2016-10-12 18:02:03 13184 [Note] Shutting down plugin 'INNODB_BUFFER_PAGE_LRU'
2016-10-12 18:02:03 13184 [Note] Shutting down plugin 'INNODB_BUFFER_PAGE'
2016-10-12 18:02:03 13184 [Note] Shutting down plugin 'INNODB_CMP_PER_INDEX_RESET'
2016-10-12 18:02:03 13184 [Note] Shutting down plugin 'INNODB_CMP_PER_INDEX'
2016-10-12 18:02:03 13184 [Note] Shutting down plugin 'INNODB_CMPMEM_RESET'
2016-10-12 18:02:03 13184 [Note] Shutting down plugin 'INNODB_CMPMEM'
2016-10-12 18:02:03 13184 [Note] Shutting down plugin 'INNODB_CMP_RESET'
2016-10-12 18:02:03 13184 [Note] Shutting down plugin 'INNODB_CMP'
2016-10-12 18:02:03 13184 [Note] Shutting down plugin 'INNODB_LOCK_WAITS'
2016-10-12 18:02:03 13184 [Note] Shutting down plugin 'INNODB_LOCKS'
2016-10-12 18:02:03 13184 [Note] Shutting down plugin 'INNODB_TRX'
2016-10-12 18:02:03 13184 [Note] Shutting down plugin 'InnoDB'
2016-10-12 18:02:03 13184 [Note] InnoDB: FTS optimize thread exiting.
2016-10-12 18:02:03 13184 [Note] InnoDB: Starting shutdown...
2016-10-12 18:02:11 13184 [Note] InnoDB: Shutdown completed; log sequence number 1626097
2016-10-12 18:02:11 13184 [Note] Shutting down plugin 'BLACKHOLE'
2016-10-12 18:02:11 13184 [Note] Shutting down plugin 'ARCHIVE'
2016-10-12 18:02:11 13184 [Note] Shutting down plugin 'MRG_MYISAM'
2016-10-12 18:02:11 13184 [Note] Shutting down plugin 'MyISAM'
2016-10-12 18:02:11 13184 [Note] Shutting down plugin 'MEMORY'
2016-10-12 18:02:11 13184 [Note] Shutting down plugin 'CSV'
2016-10-12 18:02:11 13184 [Note] Shutting down plugin 'sha256_password'
2016-10-12 18:02:11 13184 [Note] Shutting down plugin 'mysql_old_password'
2016-10-12 18:02:11 13184 [Note] Shutting down plugin 'mysql_native_password'
2016-10-12 18:02:11 13184 [Note] Shutting down plugin 'binlog'
2016-10-12 18:02:11 13184 [Note] wampmysqld: Arrêt du serveur terminé

2016-10-13 15:07:13 6836 [Note] Plugin 'FEDERATED' is disabled.
2016-10-13 15:07:13 6836 [Note] InnoDB: Using atomics to ref count buffer pool pages
2016-10-13 15:07:13 6836 [Note] InnoDB: The InnoDB memory heap is disabled
2016-10-13 15:07:13 6836 [Note] InnoDB: Mutexes and rw_locks use Windows interlocked functions
2016-10-13 15:07:13 6836 [Note] InnoDB: Compressed tables use zlib 1.2.3
2016-10-13 15:07:13 6836 [Note] InnoDB: Not using CPU crc32 instructions
2016-10-13 15:07:13 6836 [Note] InnoDB: Initializing buffer pool, size = 128.0M
2016-10-13 15:07:13 6836 [Note] InnoDB: Completed initialization of buffer pool
2016-10-13 15:07:13 6836 [Note] InnoDB: Highest supported file format is Barracuda.
2016-10-13 15:07:13 6836 [Note] InnoDB: 128 rollback segment(s) are active.
2016-10-13 15:07:14 6836 [Note] InnoDB: Waiting for purge to start
2016-10-13 15:07:14 6836 [Note] InnoDB: 5.6.17 started; log sequence number 1626097
2016-10-13 15:07:14 6836 [Note] Server hostname (bind-address): '*'; port: 3306
2016-10-13 15:07:14 6836 [Note] IPv6 is available.
2016-10-13 15:07:14 6836 [Note]   - '::' resolves to '::';
2016-10-13 15:07:14 6836 [Note] Server socket created on IP: '::'.
2016-10-13 15:07:14 6836 [Note] Event Scheduler: Loaded 0 events
2016-10-13 15:07:15 6836 [Note] wampmysqld: ready for connections.
Version: '5.6.17'  socket: ''  port: 3306  MySQL Community Server (GPL)
2016-10-13 18:00:52 6836 [Note] wampmysqld: Arrêt normal du serveur

2016-10-13 18:00:52 6836 [Note] Giving 0 client threads a chance to die gracefully
2016-10-13 18:00:52 6836 [Note] Event Scheduler: Purging the queue. 0 events
2016-10-13 18:00:52 6836 [Note] Shutting down slave threads
2016-10-13 18:00:52 6836 [Note] Forcefully disconnecting 0 remaining clients
2016-10-13 18:00:52 6836 [Note] Binlog end
2016-10-13 18:00:52 6836 [Note] Shutting down plugin 'partition'
2016-10-13 18:00:52 6836 [Note] Shutting down plugin 'PERFORMANCE_SCHEMA'
2016-10-13 18:00:52 6836 [Note] Shutting down plugin 'INNODB_SYS_DATAFILES'
2016-10-13 18:00:52 6836 [Note] Shutting down plugin 'INNODB_SYS_TABLESPACES'
2016-10-13 18:00:52 6836 [Note] Shutting down plugin 'INNODB_SYS_FOREIGN_COLS'
2016-10-13 18:00:52 6836 [Note] Shutting down plugin 'INNODB_SYS_FOREIGN'
2016-10-13 18:00:52 6836 [Note] Shutting down plugin 'INNODB_SYS_FIELDS'
2016-10-13 18:00:52 6836 [Note] Shutting down plugin 'INNODB_SYS_COLUMNS'
2016-10-13 18:00:52 6836 [Note] Shutting down plugin 'INNODB_SYS_INDEXES'
2016-10-13 18:00:52 6836 [Note] Shutting down plugin 'INNODB_SYS_TABLESTATS'
2016-10-13 18:00:52 6836 [Note] Shutting down plugin 'INNODB_SYS_TABLES'
2016-10-13 18:00:52 6836 [Note] Shutting down plugin 'INNODB_FT_INDEX_TABLE'
2016-10-13 18:00:52 6836 [Note] Shutting down plugin 'INNODB_FT_INDEX_CACHE'
2016-10-13 18:00:52 6836 [Note] Shutting down plugin 'INNODB_FT_CONFIG'
2016-10-13 18:00:52 6836 [Note] Shutting down plugin 'INNODB_FT_BEING_DELETED'
2016-10-13 18:00:52 6836 [Note] Shutting down plugin 'INNODB_FT_DELETED'
2016-10-13 18:00:52 6836 [Note] Shutting down plugin 'INNODB_FT_DEFAULT_STOPWORD'
2016-10-13 18:00:52 6836 [Note] Shutting down plugin 'INNODB_METRICS'
2016-10-13 18:00:52 6836 [Note] Shutting down plugin 'INNODB_BUFFER_POOL_STATS'
2016-10-13 18:00:52 6836 [Note] Shutting down plugin 'INNODB_BUFFER_PAGE_LRU'
2016-10-13 18:00:52 6836 [Note] Shutting down plugin 'INNODB_BUFFER_PAGE'
2016-10-13 18:00:52 6836 [Note] Shutting down plugin 'INNODB_CMP_PER_INDEX_RESET'
2016-10-13 18:00:52 6836 [Note] Shutting down plugin 'INNODB_CMP_PER_INDEX'
2016-10-13 18:00:52 6836 [Note] Shutting down plugin 'INNODB_CMPMEM_RESET'
2016-10-13 18:00:52 6836 [Note] Shutting down plugin 'INNODB_CMPMEM'
2016-10-13 18:00:52 6836 [Note] Shutting down plugin 'INNODB_CMP_RESET'
2016-10-13 18:00:52 6836 [Note] Shutting down plugin 'INNODB_CMP'
2016-10-13 18:00:52 6836 [Note] Shutting down plugin 'INNODB_LOCK_WAITS'
2016-10-13 18:00:52 6836 [Note] Shutting down plugin 'INNODB_LOCKS'
2016-10-13 18:00:52 6836 [Note] Shutting down plugin 'INNODB_TRX'
2016-10-13 18:00:52 6836 [Note] Shutting down plugin 'InnoDB'
2016-10-13 18:00:52 6836 [Note] InnoDB: FTS optimize thread exiting.
2016-10-13 18:00:52 6836 [Note] InnoDB: Starting shutdown...
2016-10-13 18:00:53 6836 [Note] InnoDB: Shutdown completed; log sequence number 1626107
2016-10-13 18:00:53 6836 [Note] Shutting down plugin 'BLACKHOLE'
2016-10-13 18:00:53 6836 [Note] Shutting down plugin 'ARCHIVE'
2016-10-13 18:00:53 6836 [Note] Shutting down plugin 'MRG_MYISAM'
2016-10-13 18:00:53 6836 [Note] Shutting down plugin 'MyISAM'
2016-10-13 18:00:53 6836 [Note] Shutting down plugin 'MEMORY'
2016-10-13 18:00:53 6836 [Note] Shutting down plugin 'CSV'
2016-10-13 18:00:53 6836 [Note] Shutting down plugin 'sha256_password'
2016-10-13 18:00:53 6836 [Note] Shutting down plugin 'mysql_old_password'
2016-10-13 18:00:53 6836 [Note] Shutting down plugin 'mysql_native_password'
2016-10-13 18:00:53 6836 [Note] Shutting down plugin 'binlog'
2016-10-13 18:00:53 6836 [Note] wampmysqld: Arrêt du serveur terminé

2016-10-20 14:07:38 7932 [Note] Plugin 'FEDERATED' is disabled.
2016-10-20 14:07:38 7932 [Note] InnoDB: Using atomics to ref count buffer pool pages
2016-10-20 14:07:38 7932 [Note] InnoDB: The InnoDB memory heap is disabled
2016-10-20 14:07:38 7932 [Note] InnoDB: Mutexes and rw_locks use Windows interlocked functions
2016-10-20 14:07:38 7932 [Note] InnoDB: Compressed tables use zlib 1.2.3
2016-10-20 14:07:38 7932 [Note] InnoDB: Not using CPU crc32 instructions
2016-10-20 14:07:38 7932 [Note] InnoDB: Initializing buffer pool, size = 128.0M
2016-10-20 14:07:38 7932 [Note] InnoDB: Completed initialization of buffer pool
2016-10-20 14:07:38 7932 [Note] InnoDB: Highest supported file format is Barracuda.
2016-10-20 14:07:38 7932 [Note] InnoDB: 128 rollback segment(s) are active.
2016-10-20 14:07:38 7932 [Note] InnoDB: Waiting for purge to start
2016-10-20 14:07:38 7932 [Note] InnoDB: 5.6.17 started; log sequence number 1626107
2016-10-20 14:07:39 7932 [Note] Server hostname (bind-address): '*'; port: 3306
2016-10-20 14:07:39 7932 [Note] IPv6 is available.
2016-10-20 14:07:39 7932 [Note]   - '::' resolves to '::';
2016-10-20 14:07:39 7932 [Note] Server socket created on IP: '::'.
2016-10-20 14:07:39 7932 [Note] Event Scheduler: Loaded 0 events
2016-10-20 14:07:39 7932 [Note] wampmysqld: ready for connections.
Version: '5.6.17'  socket: ''  port: 3306  MySQL Community Server (GPL)
2016-10-20 18:04:44 7932 [Note] wampmysqld: Arrêt normal du serveur

2016-10-20 18:04:44 7932 [Note] Giving 0 client threads a chance to die gracefully
2016-10-20 18:04:44 7932 [Note] Event Scheduler: Purging the queue. 0 events
2016-10-20 18:04:44 7932 [Note] Shutting down slave threads
2016-10-20 18:04:44 7932 [Note] Forcefully disconnecting 0 remaining clients
2016-10-20 18:04:44 7932 [Note] Binlog end
2016-10-20 18:04:44 7932 [Note] Shutting down plugin 'partition'
2016-10-20 18:04:44 7932 [Note] Shutting down plugin 'PERFORMANCE_SCHEMA'
2016-10-20 18:04:44 7932 [Note] Shutting down plugin 'INNODB_SYS_DATAFILES'
2016-10-20 18:04:44 7932 [Note] Shutting down plugin 'INNODB_SYS_TABLESPACES'
2016-10-20 18:04:44 7932 [Note] Shutting down plugin 'INNODB_SYS_FOREIGN_COLS'
2016-10-20 18:04:44 7932 [Note] Shutting down plugin 'INNODB_SYS_FOREIGN'
2016-10-20 18:04:44 7932 [Note] Shutting down plugin 'INNODB_SYS_FIELDS'
2016-10-20 18:04:44 7932 [Note] Shutting down plugin 'INNODB_SYS_COLUMNS'
2016-10-20 18:04:44 7932 [Note] Shutting down plugin 'INNODB_SYS_INDEXES'
2016-10-20 18:04:44 7932 [Note] Shutting down plugin 'INNODB_SYS_TABLESTATS'
2016-10-20 18:04:44 7932 [Note] Shutting down plugin 'INNODB_SYS_TABLES'
2016-10-20 18:04:44 7932 [Note] Shutting down plugin 'INNODB_FT_INDEX_TABLE'
2016-10-20 18:04:44 7932 [Note] Shutting down plugin 'INNODB_FT_INDEX_CACHE'
2016-10-20 18:04:44 7932 [Note] Shutting down plugin 'INNODB_FT_CONFIG'
2016-10-20 18:04:44 7932 [Note] Shutting down plugin 'INNODB_FT_BEING_DELETED'
2016-10-20 18:04:44 7932 [Note] Shutting down plugin 'INNODB_FT_DELETED'
2016-10-20 18:04:44 7932 [Note] Shutting down plugin 'INNODB_FT_DEFAULT_STOPWORD'
2016-10-20 18:04:44 7932 [Note] Shutting down plugin 'INNODB_METRICS'
2016-10-20 18:04:44 7932 [Note] Shutting down plugin 'INNODB_BUFFER_POOL_STATS'
2016-10-20 18:04:44 7932 [Note] Shutting down plugin 'INNODB_BUFFER_PAGE_LRU'
2016-10-20 18:04:44 7932 [Note] Shutting down plugin 'INNODB_BUFFER_PAGE'
2016-10-20 18:04:44 7932 [Note] Shutting down plugin 'INNODB_CMP_PER_INDEX_RESET'
2016-10-20 18:04:44 7932 [Note] Shutting down plugin 'INNODB_CMP_PER_INDEX'
2016-10-20 18:04:44 7932 [Note] Shutting down plugin 'INNODB_CMPMEM_RESET'
2016-10-20 18:04:44 7932 [Note] Shutting down plugin 'INNODB_CMPMEM'
2016-10-20 18:04:44 7932 [Note] Shutting down plugin 'INNODB_CMP_RESET'
2016-10-20 18:04:44 7932 [Note] Shutting down plugin 'INNODB_CMP'
2016-10-20 18:04:44 7932 [Note] Shutting down plugin 'INNODB_LOCK_WAITS'
2016-10-20 18:04:44 7932 [Note] Shutting down plugin 'INNODB_LOCKS'
2016-10-20 18:04:44 7932 [Note] Shutting down plugin 'INNODB_TRX'
2016-10-20 18:04:44 7932 [Note] Shutting down plugin 'InnoDB'
2016-10-20 18:04:44 7932 [Note] InnoDB: FTS optimize thread exiting.
2016-10-20 18:04:44 7932 [Note] InnoDB: Starting shutdown...
2016-10-20 18:04:45 7932 [Note] InnoDB: Shutdown completed; log sequence number 1626133
2016-10-20 18:04:45 7932 [Note] Shutting down plugin 'BLACKHOLE'
2016-10-20 18:04:45 7932 [Note] Shutting down plugin 'ARCHIVE'
2016-10-20 18:04:45 7932 [Note] Shutting down plugin 'MRG_MYISAM'
2016-10-20 18:04:45 7932 [Note] Shutting down plugin 'MyISAM'
2016-10-20 18:04:45 7932 [Note] Shutting down plugin 'MEMORY'
2016-10-20 18:04:45 7932 [Note] Shutting down plugin 'CSV'
2016-10-20 18:04:45 7932 [Note] Shutting down plugin 'sha256_password'
2016-10-20 18:04:45 7932 [Note] Shutting down plugin 'mysql_old_password'
2016-10-20 18:04:45 7932 [Note] Shutting down plugin 'mysql_native_password'
2016-10-20 18:04:45 7932 [Note] Shutting down plugin 'binlog'
2016-10-20 18:04:45 7932 [Note] wampmysqld: Arrêt du serveur terminé

2016-10-24 17:09:03 13960 [Note] Plugin 'FEDERATED' is disabled.
2016-10-24 17:09:03 13960 [Note] InnoDB: Using atomics to ref count buffer pool pages
2016-10-24 17:09:03 13960 [Note] InnoDB: The InnoDB memory heap is disabled
2016-10-24 17:09:03 13960 [Note] InnoDB: Mutexes and rw_locks use Windows interlocked functions
2016-10-24 17:09:03 13960 [Note] InnoDB: Compressed tables use zlib 1.2.3
2016-10-24 17:09:03 13960 [Note] InnoDB: Not using CPU crc32 instructions
2016-10-24 17:09:03 13960 [Note] InnoDB: Initializing buffer pool, size = 128.0M
2016-10-24 17:09:03 13960 [Note] InnoDB: Completed initialization of buffer pool
2016-10-24 17:09:03 13960 [Note] InnoDB: Highest supported file format is Barracuda.
2016-10-24 17:09:03 13960 [Note] InnoDB: 128 rollback segment(s) are active.
2016-10-24 17:09:03 13960 [Note] InnoDB: Waiting for purge to start
2016-10-24 17:09:04 13960 [Note] InnoDB: 5.6.17 started; log sequence number 1626133
2016-10-24 17:09:04 13960 [Note] Server hostname (bind-address): '*'; port: 3306
2016-10-24 17:09:04 13960 [Note] IPv6 is available.
2016-10-24 17:09:04 13960 [Note]   - '::' resolves to '::';
2016-10-24 17:09:04 13960 [Note] Server socket created on IP: '::'.
2016-10-24 17:09:04 13960 [Note] Event Scheduler: Loaded 0 events
2016-10-24 17:09:04 13960 [Note] wampmysqld: ready for connections.
Version: '5.6.17'  socket: ''  port: 3306  MySQL Community Server (GPL)
2016-10-24 18:03:21 13960 [Note] wampmysqld: Arrêt normal du serveur

2016-10-24 18:03:21 13960 [Note] Giving 0 client threads a chance to die gracefully
2016-10-24 18:03:21 13960 [Note] Event Scheduler: Purging the queue. 0 events
2016-10-24 18:03:21 13960 [Note] Shutting down slave threads
2016-10-24 18:03:21 13960 [Note] Forcefully disconnecting 0 remaining clients
2016-10-24 18:03:21 13960 [Note] Binlog end
2016-10-24 18:03:22 13960 [Note] Shutting down plugin 'partition'
2016-10-24 18:03:22 13960 [Note] Shutting down plugin 'PERFORMANCE_SCHEMA'
2016-10-24 18:03:22 13960 [Note] Shutting down plugin 'INNODB_SYS_DATAFILES'
2016-10-24 18:03:22 13960 [Note] Shutting down plugin 'INNODB_SYS_TABLESPACES'
2016-10-24 18:03:22 13960 [Note] Shutting down plugin 'INNODB_SYS_FOREIGN_COLS'
2016-10-24 18:03:22 13960 [Note] Shutting down plugin 'INNODB_SYS_FOREIGN'
2016-10-24 18:03:22 13960 [Note] Shutting down plugin 'INNODB_SYS_FIELDS'
2016-10-24 18:03:22 13960 [Note] Shutting down plugin 'INNODB_SYS_COLUMNS'
2016-10-24 18:03:22 13960 [Note] Shutting down plugin 'INNODB_SYS_INDEXES'
2016-10-24 18:03:22 13960 [Note] Shutting down plugin 'INNODB_SYS_TABLESTATS'
2016-10-24 18:03:22 13960 [Note] Shutting down plugin 'INNODB_SYS_TABLES'
2016-10-24 18:03:22 13960 [Note] Shutting down plugin 'INNODB_FT_INDEX_TABLE'
2016-10-24 18:03:22 13960 [Note] Shutting down plugin 'INNODB_FT_INDEX_CACHE'
2016-10-24 18:03:22 13960 [Note] Shutting down plugin 'INNODB_FT_CONFIG'
2016-10-24 18:03:22 13960 [Note] Shutting down plugin 'INNODB_FT_BEING_DELETED'
2016-10-24 18:03:22 13960 [Note] Shutting down plugin 'INNODB_FT_DELETED'
2016-10-24 18:03:22 13960 [Note] Shutting down plugin 'INNODB_FT_DEFAULT_STOPWORD'
2016-10-24 18:03:22 13960 [Note] Shutting down plugin 'INNODB_METRICS'
2016-10-24 18:03:22 13960 [Note] Shutting down plugin 'INNODB_BUFFER_POOL_STATS'
2016-10-24 18:03:22 13960 [Note] Shutting down plugin 'INNODB_BUFFER_PAGE_LRU'
2016-10-24 18:03:22 13960 [Note] Shutting down plugin 'INNODB_BUFFER_PAGE'
2016-10-24 18:03:22 13960 [Note] Shutting down plugin 'INNODB_CMP_PER_INDEX_RESET'
2016-10-24 18:03:22 13960 [Note] Shutting down plugin 'INNODB_CMP_PER_INDEX'
2016-10-24 18:03:22 13960 [Note] Shutting down plugin 'INNODB_CMPMEM_RESET'
2016-10-24 18:03:22 13960 [Note] Shutting down plugin 'INNODB_CMPMEM'
2016-10-24 18:03:22 13960 [Note] Shutting down plugin 'INNODB_CMP_RESET'
2016-10-24 18:03:22 13960 [Note] Shutting down plugin 'INNODB_CMP'
2016-10-24 18:03:22 13960 [Note] Shutting down plugin 'INNODB_LOCK_WAITS'
2016-10-24 18:03:22 13960 [Note] Shutting down plugin 'INNODB_LOCKS'
2016-10-24 18:03:22 13960 [Note] Shutting down plugin 'INNODB_TRX'
2016-10-24 18:03:22 13960 [Note] Shutting down plugin 'InnoDB'
2016-10-24 18:03:22 13960 [Note] InnoDB: FTS optimize thread exiting.
2016-10-24 18:03:22 13960 [Note] InnoDB: Starting shutdown...
2016-10-24 18:03:23 13960 [Note] InnoDB: Shutdown completed; log sequence number 1626143
2016-10-24 18:03:23 13960 [Note] Shutting down plugin 'BLACKHOLE'
2016-10-24 18:03:23 13960 [Note] Shutting down plugin 'ARCHIVE'
2016-10-24 18:03:23 13960 [Note] Shutting down plugin 'MRG_MYISAM'
2016-10-24 18:03:23 13960 [Note] Shutting down plugin 'MyISAM'
2016-10-24 18:03:23 13960 [Note] Shutting down plugin 'MEMORY'
2016-10-24 18:03:23 13960 [Note] Shutting down plugin 'CSV'
2016-10-24 18:03:23 13960 [Note] Shutting down plugin 'sha256_password'
2016-10-24 18:03:23 13960 [Note] Shutting down plugin 'mysql_old_password'
2016-10-24 18:03:23 13960 [Note] Shutting down plugin 'mysql_native_password'
2016-10-24 18:03:23 13960 [Note] Shutting down plugin 'binlog'
2016-10-24 18:03:23 13960 [Note] wampmysqld: Arrêt du serveur terminé

2016-10-25 16:48:14 4672 [Note] Plugin 'FEDERATED' is disabled.
2016-10-25 16:48:14 4672 [Note] InnoDB: Using atomics to ref count buffer pool pages
2016-10-25 16:48:14 4672 [Note] InnoDB: The InnoDB memory heap is disabled
2016-10-25 16:48:14 4672 [Note] InnoDB: Mutexes and rw_locks use Windows interlocked functions
2016-10-25 16:48:14 4672 [Note] InnoDB: Compressed tables use zlib 1.2.3
2016-10-25 16:48:14 4672 [Note] InnoDB: Not using CPU crc32 instructions
2016-10-25 16:48:14 4672 [Note] InnoDB: Initializing buffer pool, size = 128.0M
2016-10-25 16:48:14 4672 [Note] InnoDB: Completed initialization of buffer pool
2016-10-25 16:48:14 4672 [Note] InnoDB: Highest supported file format is Barracuda.
2016-10-25 16:48:14 4672 [Note] InnoDB: 128 rollback segment(s) are active.
2016-10-25 16:48:14 4672 [Note] InnoDB: Waiting for purge to start
2016-10-25 16:48:14 4672 [Note] InnoDB: 5.6.17 started; log sequence number 1626143
2016-10-25 16:48:14 4672 [Note] Server hostname (bind-address): '*'; port: 3306
2016-10-25 16:48:14 4672 [Note] IPv6 is available.
2016-10-25 16:48:14 4672 [Note]   - '::' resolves to '::';
2016-10-25 16:48:14 4672 [Note] Server socket created on IP: '::'.
2016-10-25 16:48:14 4672 [Note] Event Scheduler: Loaded 0 events
2016-10-25 16:48:14 4672 [Note] wampmysqld: ready for connections.
Version: '5.6.17'  socket: ''  port: 3306  MySQL Community Server (GPL)
2016-10-25 18:01:31 4672 [Note] wampmysqld: Arrêt normal du serveur

2016-10-25 18:01:31 4672 [Note] Giving 0 client threads a chance to die gracefully
2016-10-25 18:01:31 4672 [Note] Event Scheduler: Purging the queue. 0 events
2016-10-25 18:01:31 4672 [Note] Shutting down slave threads
2016-10-25 18:01:31 4672 [Note] Forcefully disconnecting 0 remaining clients
2016-10-25 18:01:31 4672 [Note] Binlog end
2016-10-25 18:01:31 4672 [Note] Shutting down plugin 'partition'
2016-10-25 18:01:31 4672 [Note] Shutting down plugin 'PERFORMANCE_SCHEMA'
2016-10-25 18:01:31 4672 [Note] Shutting down plugin 'INNODB_SYS_DATAFILES'
2016-10-25 18:01:31 4672 [Note] Shutting down plugin 'INNODB_SYS_TABLESPACES'
2016-10-25 18:01:31 4672 [Note] Shutting down plugin 'INNODB_SYS_FOREIGN_COLS'
2016-10-25 18:01:31 4672 [Note] Shutting down plugin 'INNODB_SYS_FOREIGN'
2016-10-25 18:01:31 4672 [Note] Shutting down plugin 'INNODB_SYS_FIELDS'
2016-10-25 18:01:31 4672 [Note] Shutting down plugin 'INNODB_SYS_COLUMNS'
2016-10-25 18:01:31 4672 [Note] Shutting down plugin 'INNODB_SYS_INDEXES'
2016-10-25 18:01:31 4672 [Note] Shutting down plugin 'INNODB_SYS_TABLESTATS'
2016-10-25 18:01:31 4672 [Note] Shutting down plugin 'INNODB_SYS_TABLES'
2016-10-25 18:01:31 4672 [Note] Shutting down plugin 'INNODB_FT_INDEX_TABLE'
2016-10-25 18:01:31 4672 [Note] Shutting down plugin 'INNODB_FT_INDEX_CACHE'
2016-10-25 18:01:31 4672 [Note] Shutting down plugin 'INNODB_FT_CONFIG'
2016-10-25 18:01:31 4672 [Note] Shutting down plugin 'INNODB_FT_BEING_DELETED'
2016-10-25 18:01:31 4672 [Note] Shutting down plugin 'INNODB_FT_DELETED'
2016-10-25 18:01:31 4672 [Note] Shutting down plugin 'INNODB_FT_DEFAULT_STOPWORD'
2016-10-25 18:01:31 4672 [Note] Shutting down plugin 'INNODB_METRICS'
2016-10-25 18:01:31 4672 [Note] Shutting down plugin 'INNODB_BUFFER_POOL_STATS'
2016-10-25 18:01:31 4672 [Note] Shutting down plugin 'INNODB_BUFFER_PAGE_LRU'
2016-10-25 18:01:31 4672 [Note] Shutting down plugin 'INNODB_BUFFER_PAGE'
2016-10-25 18:01:31 4672 [Note] Shutting down plugin 'INNODB_CMP_PER_INDEX_RESET'
2016-10-25 18:01:31 4672 [Note] Shutting down plugin 'INNODB_CMP_PER_INDEX'
2016-10-25 18:01:31 4672 [Note] Shutting down plugin 'INNODB_CMPMEM_RESET'
2016-10-25 18:01:31 4672 [Note] Shutting down plugin 'INNODB_CMPMEM'
2016-10-25 18:01:31 4672 [Note] Shutting down plugin 'INNODB_CMP_RESET'
2016-10-25 18:01:31 4672 [Note] Shutting down plugin 'INNODB_CMP'
2016-10-25 18:01:31 4672 [Note] Shutting down plugin 'INNODB_LOCK_WAITS'
2016-10-25 18:01:31 4672 [Note] Shutting down plugin 'INNODB_LOCKS'
2016-10-25 18:01:31 4672 [Note] Shutting down plugin 'INNODB_TRX'
2016-10-25 18:01:31 4672 [Note] Shutting down plugin 'InnoDB'
2016-10-25 18:01:31 4672 [Note] InnoDB: FTS optimize thread exiting.
2016-10-25 18:01:31 4672 [Note] InnoDB: Starting shutdown...
2016-10-25 18:01:32 4672 [Note] InnoDB: Shutdown completed; log sequence number 1626153
2016-10-25 18:01:32 4672 [Note] Shutting down plugin 'BLACKHOLE'
2016-10-25 18:01:32 4672 [Note] Shutting down plugin 'ARCHIVE'
2016-10-25 18:01:32 4672 [Note] Shutting down plugin 'MRG_MYISAM'
2016-10-25 18:01:32 4672 [Note] Shutting down plugin 'MyISAM'
2016-10-25 18:01:32 4672 [Note] Shutting down plugin 'MEMORY'
2016-10-25 18:01:32 4672 [Note] Shutting down plugin 'CSV'
2016-10-25 18:01:32 4672 [Note] Shutting down plugin 'sha256_password'
2016-10-25 18:01:32 4672 [Note] Shutting down plugin 'mysql_old_password'
2016-10-25 18:01:32 4672 [Note] Shutting down plugin 'mysql_native_password'
2016-10-25 18:01:32 4672 [Note] Shutting down plugin 'binlog'
2016-10-25 18:01:32 4672 [Note] wampmysqld: Arrêt du serveur terminé

2016-10-26 09:44:58 4848 [Note] Plugin 'FEDERATED' is disabled.
2016-10-26 09:44:58 4848 [Note] InnoDB: Using atomics to ref count buffer pool pages
2016-10-26 09:44:58 4848 [Note] InnoDB: The InnoDB memory heap is disabled
2016-10-26 09:44:58 4848 [Note] InnoDB: Mutexes and rw_locks use Windows interlocked functions
2016-10-26 09:44:58 4848 [Note] InnoDB: Compressed tables use zlib 1.2.3
2016-10-26 09:44:58 4848 [Note] InnoDB: Not using CPU crc32 instructions
2016-10-26 09:44:58 4848 [Note] InnoDB: Initializing buffer pool, size = 128.0M
2016-10-26 09:44:58 4848 [Note] InnoDB: Completed initialization of buffer pool
2016-10-26 09:44:58 4848 [Note] InnoDB: Highest supported file format is Barracuda.
2016-10-26 09:44:58 4848 [Note] InnoDB: 128 rollback segment(s) are active.
2016-10-26 09:44:58 4848 [Note] InnoDB: Waiting for purge to start
2016-10-26 09:44:58 4848 [Note] InnoDB: 5.6.17 started; log sequence number 1626153
2016-10-26 09:44:58 4848 [Note] Server hostname (bind-address): '*'; port: 3306
2016-10-26 09:44:58 4848 [Note] IPv6 is available.
2016-10-26 09:44:58 4848 [Note]   - '::' resolves to '::';
2016-10-26 09:44:58 4848 [Note] Server socket created on IP: '::'.
2016-10-26 09:44:58 4848 [Note] Event Scheduler: Loaded 0 events
2016-10-26 09:44:58 4848 [Note] wampmysqld: ready for connections.
Version: '5.6.17'  socket: ''  port: 3306  MySQL Community Server (GPL)
2016-10-26 13:31:38 4848 [Note] wampmysqld: Arrêt normal du serveur

2016-10-26 13:31:38 4848 [Note] Giving 0 client threads a chance to die gracefully
2016-10-26 13:31:38 4848 [Note] Event Scheduler: Purging the queue. 0 events
2016-10-26 13:31:38 4848 [Note] Shutting down slave threads
2016-10-26 13:31:38 4848 [Note] Forcefully disconnecting 0 remaining clients
2016-10-26 13:31:38 4848 [Note] Binlog end
2016-10-26 13:31:38 4848 [Note] Shutting down plugin 'partition'
2016-10-26 13:31:38 4848 [Note] Shutting down plugin 'PERFORMANCE_SCHEMA'
2016-10-26 13:31:38 4848 [Note] Shutting down plugin 'INNODB_SYS_DATAFILES'
2016-10-26 13:31:38 4848 [Note] Shutting down plugin 'INNODB_SYS_TABLESPACES'
2016-10-26 13:31:38 4848 [Note] Shutting down plugin 'INNODB_SYS_FOREIGN_COLS'
2016-10-26 13:31:38 4848 [Note] Shutting down plugin 'INNODB_SYS_FOREIGN'
2016-10-26 13:31:38 4848 [Note] Shutting down plugin 'INNODB_SYS_FIELDS'
2016-10-26 13:31:38 4848 [Note] Shutting down plugin 'INNODB_SYS_COLUMNS'
2016-10-26 13:31:38 4848 [Note] Shutting down plugin 'INNODB_SYS_INDEXES'
2016-10-26 13:31:38 4848 [Note] Shutting down plugin 'INNODB_SYS_TABLESTATS'
2016-10-26 13:31:38 4848 [Note] Shutting down plugin 'INNODB_SYS_TABLES'
2016-10-26 13:31:38 4848 [Note] Shutting down plugin 'INNODB_FT_INDEX_TABLE'
2016-10-26 13:31:38 4848 [Note] Shutting down plugin 'INNODB_FT_INDEX_CACHE'
2016-10-26 13:31:38 4848 [Note] Shutting down plugin 'INNODB_FT_CONFIG'
2016-10-26 13:31:38 4848 [Note] Shutting down plugin 'INNODB_FT_BEING_DELETED'
2016-10-26 13:31:38 4848 [Note] Shutting down plugin 'INNODB_FT_DELETED'
2016-10-26 13:31:38 4848 [Note] Shutting down plugin 'INNODB_FT_DEFAULT_STOPWORD'
2016-10-26 13:31:38 4848 [Note] Shutting down plugin 'INNODB_METRICS'
2016-10-26 13:31:38 4848 [Note] Shutting down plugin 'INNODB_BUFFER_POOL_STATS'
2016-10-26 13:31:38 4848 [Note] Shutting down plugin 'INNODB_BUFFER_PAGE_LRU'
2016-10-26 13:31:38 4848 [Note] Shutting down plugin 'INNODB_BUFFER_PAGE'
2016-10-26 13:31:38 4848 [Note] Shutting down plugin 'INNODB_CMP_PER_INDEX_RESET'
2016-10-26 13:31:38 4848 [Note] Shutting down plugin 'INNODB_CMP_PER_INDEX'
2016-10-26 13:31:38 4848 [Note] Shutting down plugin 'INNODB_CMPMEM_RESET'
2016-10-26 13:31:38 4848 [Note] Shutting down plugin 'INNODB_CMPMEM'
2016-10-26 13:31:38 4848 [Note] Shutting down plugin 'INNODB_CMP_RESET'
2016-10-26 13:31:38 4848 [Note] Shutting down plugin 'INNODB_CMP'
2016-10-26 13:31:38 4848 [Note] Shutting down plugin 'INNODB_LOCK_WAITS'
2016-10-26 13:31:38 4848 [Note] Shutting down plugin 'INNODB_LOCKS'
2016-10-26 13:31:38 4848 [Note] Shutting down plugin 'INNODB_TRX'
2016-10-26 13:31:38 4848 [Note] Shutting down plugin 'InnoDB'
2016-10-26 13:31:38 4848 [Note] InnoDB: FTS optimize thread exiting.
2016-10-26 13:31:38 4848 [Note] InnoDB: Starting shutdown...
2016-10-26 13:31:39 4848 [Note] InnoDB: Shutdown completed; log sequence number 1626163
2016-10-26 13:31:39 4848 [Note] Shutting down plugin 'BLACKHOLE'
2016-10-26 13:31:39 4848 [Note] Shutting down plugin 'ARCHIVE'
2016-10-26 13:31:39 4848 [Note] Shutting down plugin 'MRG_MYISAM'
2016-10-26 13:31:39 4848 [Note] Shutting down plugin 'MyISAM'
2016-10-26 13:31:39 4848 [Note] Shutting down plugin 'MEMORY'
2016-10-26 13:31:39 4848 [Note] Shutting down plugin 'CSV'
2016-10-26 13:31:39 4848 [Note] Shutting down plugin 'sha256_password'
2016-10-26 13:31:39 4848 [Note] Shutting down plugin 'mysql_old_password'
2016-10-26 13:31:39 4848 [Note] Shutting down plugin 'mysql_native_password'
2016-10-26 13:31:39 4848 [Note] Shutting down plugin 'binlog'
2016-10-26 13:31:39 4848 [Note] wampmysqld: Arrêt du serveur terminé

2016-10-26 15:31:27 10760 [Note] Plugin 'FEDERATED' is disabled.
2016-10-26 15:31:27 10760 [Note] InnoDB: Using atomics to ref count buffer pool pages
2016-10-26 15:31:27 10760 [Note] InnoDB: The InnoDB memory heap is disabled
2016-10-26 15:31:27 10760 [Note] InnoDB: Mutexes and rw_locks use Windows interlocked functions
2016-10-26 15:31:27 10760 [Note] InnoDB: Compressed tables use zlib 1.2.3
2016-10-26 15:31:27 10760 [Note] InnoDB: Not using CPU crc32 instructions
2016-10-26 15:31:27 10760 [Note] InnoDB: Initializing buffer pool, size = 128.0M
2016-10-26 15:31:27 10760 [Note] InnoDB: Completed initialization of buffer pool
2016-10-26 15:31:27 10760 [Note] InnoDB: Highest supported file format is Barracuda.
2016-10-26 15:31:27 10760 [Note] InnoDB: 128 rollback segment(s) are active.
2016-10-26 15:31:27 10760 [Note] InnoDB: Waiting for purge to start
2016-10-26 15:31:27 10760 [Note] InnoDB: 5.6.17 started; log sequence number 1626163
2016-10-26 15:31:27 10760 [Note] Server hostname (bind-address): '*'; port: 3306
2016-10-26 15:31:27 10760 [Note] IPv6 is available.
2016-10-26 15:31:27 10760 [Note]   - '::' resolves to '::';
2016-10-26 15:31:27 10760 [Note] Server socket created on IP: '::'.
2016-10-26 15:31:27 10760 [Note] Event Scheduler: Loaded 0 events
2016-10-26 15:31:27 10760 [Note] wampmysqld: ready for connections.
Version: '5.6.17'  socket: ''  port: 3306  MySQL Community Server (GPL)
